Started GET "/" for 127.0.0.1 at 2023-05-06 18:06:49 +0000
Processing by Rails::WelcomeController#index as HTML
  Rendering /home/junior/.rbenv/versions/3.0.2/lib/ruby/gems/3.0.0/gems/railties-7.0.4.3/lib/rails/templates/rails/welcome/index.html.erb
  Rendered /home/junior/.rbenv/versions/3.0.2/lib/ruby/gems/3.0.0/gems/railties-7.0.4.3/lib/rails/templates/rails/welcome/index.html.erb (Duration: 3.1ms | Allocations: 931)
Completed 200 OK in 24ms (Views: 9.0ms | ActiveRecord: 0.0ms | Allocations: 7966)


Started GET "/" for 127.0.0.1 at 2023-05-06 18:22:25 +0000
Processing by Rails::WelcomeController#index as HTML
  Rendering /home/junior/.rbenv/versions/3.0.2/lib/ruby/gems/3.0.0/gems/railties-7.0.4.3/lib/rails/templates/rails/welcome/index.html.erb
  Rendered /home/junior/.rbenv/versions/3.0.2/lib/ruby/gems/3.0.0/gems/railties-7.0.4.3/lib/rails/templates/rails/welcome/index.html.erb (Duration: 1.8ms | Allocations: 487)
Completed 200 OK in 4ms (Views: 3.3ms | Allocations: 1470)


Started GET "/articles" for ::1 at 2023-05-06 18:25:02 +0000
Processing by ArticlesController#index as HTML
  Rendering layout layouts/application.html.erb
  Rendering articles/index.html.erb within layouts/application
  Rendered articles/index.html.erb within layouts/application (Duration: 1.6ms | Allocations: 453)
  Rendered layout layouts/application.html.erb (Duration: 351.8ms | Allocations: 93551)
Completed 200 OK in 368ms (Views: 357.5ms | ActiveRecord: 0.0ms | Allocations: 99599)


Started GET "/" for ::1 at 2023-05-06 18:25:57 +0000
Processing by ArticlesController#index as HTML
  Rendering layout layouts/application.html.erb
  Rendering articles/index.html.erb within layouts/application
  Rendered articles/index.html.erb within layouts/application (Duration: 0.1ms | Allocations: 12)
  Rendered layout layouts/application.html.erb (Duration: 20.9ms | Allocations: 13821)
Completed 200 OK in 23ms (Views: 22.3ms | Allocations: 14679)


  [1m[35m (17.6ms)[0m  [1m[35mCREATE TABLE "schema_migrations" ("version" varchar NOT NULL PRIMARY KEY)[0m
  [1m[35m (7.9ms)[0m  [1m[35mCREATE TABLE "ar_internal_metadata" ("key" varchar NOT NULL PRIMARY KEY, "value" varchar, "created_at" datetime(6) NOT NULL, "updated_at" datetime(6) NOT NULL)[0m
  [1m[36mActiveRecord::SchemaMigration Pluck (0.2ms)[0m  [1m[34mSELECT "schema_migrations"."version" FROM "schema_migrations" ORDER BY "schema_migrations"."version" ASC[0m
Migrating to CreateArticles (20230506182726)
  [1m[36mTRANSACTION (0.1ms)[0m  [1m[36mbegin transaction[0m
  [1m[35m (0.5ms)[0m  [1m[35mCREATE TABLE "articles" ("id" integer PRIMARY KEY AUTOINCREMENT NOT NULL, "title" varchar, "body" text, "created_at" datetime(6) NOT NULL, "updated_at" datetime(6) NOT NULL)[0m
  [1m[36mActiveRecord::SchemaMigration Create (0.2ms)[0m  [1m[32mINSERT INTO "schema_migrations" ("version") VALUES (?)[0m  [["version", "20230506182726"]]
  [1m[36mTRANSACTION (15.2ms)[0m  [1m[36mcommit transaction[0m
  [1m[36mActiveRecord::InternalMetadata Load (0.2ms)[0m  [1m[34mSELECT "ar_internal_metadata".* FROM "ar_internal_metadata" WHERE "ar_internal_metadata"."key" = ? LIMIT ?[0m  [["key", "environment"], ["LIMIT", 1]]
  [1m[36mTRANSACTION (0.1ms)[0m  [1m[36mbegin transaction[0m
  [1m[36mActiveRecord::InternalMetadata Create (0.5ms)[0m  [1m[32mINSERT INTO "ar_internal_metadata" ("key", "value", "created_at", "updated_at") VALUES (?, ?, ?, ?)[0m  [["key", "environment"], ["value", "development"], ["created_at", "2023-05-06 18:29:31.620581"], ["updated_at", "2023-05-06 18:29:31.620581"]]
  [1m[36mTRANSACTION (12.1ms)[0m  [1m[36mcommit transaction[0m
  [1m[36mActiveRecord::SchemaMigration Pluck (0.3ms)[0m  [1m[34mSELECT "schema_migrations"."version" FROM "schema_migrations" ORDER BY "schema_migrations"."version" ASC[0m
  [1m[36mTRANSACTION (0.1ms)[0m  [1m[36mbegin transaction[0m
  [1m[36mArticle Create (0.5ms)[0m  [1m[32mINSERT INTO "articles" ("title", "body", "created_at", "updated_at") VALUES (?, ?, ?, ?)[0m  [["title", "Hello Rails"], ["body", "I am on Rails!"], ["created_at", "2023-05-06 18:30:46.364122"], ["updated_at", "2023-05-06 18:30:46.364122"]]
  [1m[36mTRANSACTION (15.6ms)[0m  [1m[36mcommit transaction[0m
Started GET "/" for ::1 at 2023-05-06 18:32:10 +0000
  [1m[36mActiveRecord::SchemaMigration Pluck (0.2ms)[0m  [1m[34mSELECT "schema_migrations"."version" FROM "schema_migrations" ORDER BY "schema_migrations"."version" ASC[0m
Processing by ArticlesController#index as HTML
  Rendering layout layouts/application.html.erb
  Rendering articles/index.html.erb within layouts/application
  [1m[36mArticle Load (0.2ms)[0m  [1m[34mSELECT "articles".* FROM "articles"[0m
  ↳ app/views/articles/index.html.erb:4
  Rendered articles/index.html.erb within layouts/application (Duration: 18.4ms | Allocations: 16796)
  Rendered layout layouts/application.html.erb (Duration: 34.1ms | Allocations: 30970)
Completed 200 OK in 38ms (Views: 34.6ms | ActiveRecord: 1.3ms | Allocations: 32957)


Started GET "/" for ::1 at 2023-05-06 18:32:14 +0000
Processing by ArticlesController#index as HTML
  Rendering layout layouts/application.html.erb
  Rendering articles/index.html.erb within layouts/application
  [1m[36mArticle Load (0.2ms)[0m  [1m[34mSELECT "articles".* FROM "articles"[0m
  ↳ app/views/articles/index.html.erb:4
  Rendered articles/index.html.erb within layouts/application (Duration: 2.3ms | Allocations: 568)
  Rendered layout layouts/application.html.erb (Duration: 7.0ms | Allocations: 2918)
Completed 200 OK in 9ms (Views: 8.1ms | ActiveRecord: 0.2ms | Allocations: 3290)


Started GET "/" for ::1 at 2023-05-06 18:33:35 +0000
  [1m[36mActiveRecord::SchemaMigration Pluck (0.2ms)[0m  [1m[34mSELECT "schema_migrations"."version" FROM "schema_migrations" ORDER BY "schema_migrations"."version" ASC[0m
Processing by ArticlesController#index as HTML
  Rendering layout layouts/application.html.erb
  Rendering articles/index.html.erb within layouts/application
  [1m[36mArticle Load (0.3ms)[0m  [1m[34mSELECT "articles".* FROM "articles"[0m
  ↳ app/views/articles/index.html.erb:4
  Rendered articles/index.html.erb within layouts/application (Duration: 44.8ms | Allocations: 17130)
  Rendered layout layouts/application.html.erb (Duration: 128.3ms | Allocations: 51507)
Completed 200 OK in 142ms (Views: 130.5ms | ActiveRecord: 1.3ms | Allocations: 58314)


Started GET "/" for ::1 at 2023-05-06 18:33:41 +0000
Processing by ArticlesController#index as HTML
  Rendering layout layouts/application.html.erb
  Rendering articles/index.html.erb within layouts/application
  [1m[36mArticle Load (0.1ms)[0m  [1m[34mSELECT "articles".* FROM "articles"[0m
  ↳ app/views/articles/index.html.erb:4
  Rendered articles/index.html.erb within layouts/application (Duration: 2.1ms | Allocations: 586)
  Rendered layout layouts/application.html.erb (Duration: 11.4ms | Allocations: 3121)
Completed 200 OK in 13ms (Views: 12.2ms | ActiveRecord: 0.1ms | Allocations: 3521)


Started GET "/" for ::1 at 2023-05-07 10:16:10 +0000
Processing by ArticlesController#index as HTML
  Rendering layout layouts/application.html.erb
  Rendering articles/index.html.erb within layouts/application
  [1m[36mArticle Load (0.6ms)[0m  [1m[34mSELECT "articles".* FROM "articles"[0m
  ↳ app/views/articles/index.html.erb:4
  Rendered articles/index.html.erb within layouts/application (Duration: 11.6ms | Allocations: 857)
  Rendered layout layouts/application.html.erb (Duration: 33.6ms | Allocations: 3719)
Completed 200 OK in 49ms (Views: 43.8ms | ActiveRecord: 0.6ms | Allocations: 4874)


Started GET "/" for ::1 at 2023-05-08 17:59:55 +0000
Processing by ArticlesController#index as HTML
  Rendering layout layouts/application.html.erb
  Rendering articles/index.html.erb within layouts/application
  [1m[36mArticle Load (0.2ms)[0m  [1m[34mSELECT "articles".* FROM "articles"[0m
  ↳ app/views/articles/index.html.erb:4
  Rendered articles/index.html.erb within layouts/application (Duration: 8.3ms | Allocations: 2375)
  Rendered layout layouts/application.html.erb (Duration: 30.0ms | Allocations: 16491)
Completed 200 OK in 35ms (Views: 31.7ms | ActiveRecord: 0.6ms | Allocations: 18396)


Started GET "/articles/1" for ::1 at 2023-05-08 17:59:57 +0000
Processing by ArticlesController#show as HTML
  Parameters: {"id"=>"1"}
  [1m[36mArticle Load (0.6ms)[0m  [1m[34mSELECT "articles".* FROM "articles" WHERE "articles"."id" = ? LIMIT ?[0m  [["id", 1], ["LIMIT", 1]]
  ↳ app/controllers/articles_controller.rb:7:in `show'
  Rendering layout layouts/application.html.erb
  Rendering articles/show.html.erb within layouts/application
  Rendered articles/show.html.erb within layouts/application (Duration: 10.0ms | Allocations: 2822)
  Rendered layout layouts/application.html.erb (Duration: 10.9ms | Allocations: 2908)
Completed 500 Internal Server Error in 30ms (ActiveRecord: 0.6ms | Allocations: 5956)


  
ActionView::Template::Error (undefined method `title' for nil:NilClass):
    1: <h1><%= @article.title %></h1>
    2: 
    3: <p><%= @article.body %></p>
  
app/views/articles/show.html.erb:1
Started GET "/articles/1" for ::1 at 2023-05-08 18:12:42 +0000
  [1m[36mActiveRecord::SchemaMigration Pluck (0.6ms)[0m  [1m[34mSELECT "schema_migrations"."version" FROM "schema_migrations" ORDER BY "schema_migrations"."version" ASC[0m
Processing by ArticlesController#show as HTML
  Parameters: {"id"=>"1"}
  [1m[36mArticle Load (0.3ms)[0m  [1m[34mSELECT "articles".* FROM "articles" WHERE "articles"."id" = ? LIMIT ?[0m  [["id", 1], ["LIMIT", 1]]
  ↳ app/controllers/articles_controller.rb:7:in `show'
  Rendering layout layouts/application.html.erb
  Rendering articles/show.html.erb within layouts/application
  Rendered articles/show.html.erb within layouts/application (Duration: 4.0ms | Allocations: 2631)
  Rendered layout layouts/application.html.erb (Duration: 4.5ms | Allocations: 2733)
Completed 500 Internal Server Error in 65ms (ActiveRecord: 1.2ms | Allocations: 28043)


  
ActionView::Template::Error (undefined method `title' for nil:NilClass):
    1: <h1><%= @article.title %></h1>
    2: 
    3: <p><%= @article.body %></p>
  
app/views/articles/show.html.erb:1
Started GET "/" for ::1 at 2023-05-09 06:32:54 +0000
Processing by ArticlesController#index as HTML
  Rendering layout layouts/application.html.erb
  Rendering articles/index.html.erb within layouts/application
  [1m[36mArticle Load (0.3ms)[0m  [1m[34mSELECT "articles".* FROM "articles"[0m
  ↳ app/views/articles/index.html.erb:4
  Rendered articles/index.html.erb within layouts/application (Duration: 8.8ms | Allocations: 2395)
  Rendered layout layouts/application.html.erb (Duration: 97.0ms | Allocations: 36805)
Completed 200 OK in 101ms (Views: 98.2ms | ActiveRecord: 0.7ms | Allocations: 38470)


Started GET "/" for ::1 at 2023-05-09 06:32:55 +0000
Processing by ArticlesController#index as HTML
  Rendering layout layouts/application.html.erb
  Rendering articles/index.html.erb within layouts/application
  [1m[36mArticle Load (0.6ms)[0m  [1m[34mSELECT "articles".* FROM "articles"[0m
  ↳ app/views/articles/index.html.erb:4
  Rendered articles/index.html.erb within layouts/application (Duration: 7.9ms | Allocations: 517)
  Rendered layout layouts/application.html.erb (Duration: 31.5ms | Allocations: 2865)
Completed 200 OK in 38ms (Views: 34.3ms | ActiveRecord: 0.6ms | Allocations: 3212)


Started GET "/articles/1" for ::1 at 2023-05-09 06:32:57 +0000
Processing by ArticlesController#show as HTML
  Parameters: {"id"=>"1"}
  [1m[36mArticle Load (0.7ms)[0m  [1m[34mSELECT "articles".* FROM "articles" WHERE "articles"."id" = ? LIMIT ?[0m  [["id", 1], ["LIMIT", 1]]
  ↳ app/controllers/articles_controller.rb:7:in `show'
  Rendering layout layouts/application.html.erb
  Rendering articles/show.html.erb within layouts/application
  Rendered articles/show.html.erb within layouts/application (Duration: 8.5ms | Allocations: 1316)
  Rendered layout layouts/application.html.erb (Duration: 9.9ms | Allocations: 1388)
Completed 500 Internal Server Error in 25ms (ActiveRecord: 0.7ms | Allocations: 2797)


  
ActionView::Template::Error (undefined method `title' for nil:NilClass):
    1: <h1><%= @article.title %></h1>
    2: 
    3: <p><%= @article.body %></p>
  
app/views/articles/show.html.erb:1
Started GET "/articles/1" for ::1 at 2023-05-09 06:35:23 +0000
  [1m[36mActiveRecord::SchemaMigration Pluck (0.1ms)[0m  [1m[34mSELECT "schema_migrations"."version" FROM "schema_migrations" ORDER BY "schema_migrations"."version" ASC[0m
Processing by ArticlesController#show as HTML
  Parameters: {"id"=>"1"}
  [1m[36mArticle Load (0.2ms)[0m  [1m[34mSELECT "articles".* FROM "articles" WHERE "articles"."id" = ? LIMIT ?[0m  [["id", 1], ["LIMIT", 1]]
  ↳ app/controllers/articles_controller.rb:7:in `show'
  Rendering layout layouts/application.html.erb
  Rendering articles/show.html.erb within layouts/application
  Rendered articles/show.html.erb within layouts/application (Duration: 1.8ms | Allocations: 522)
  Rendered layout layouts/application.html.erb (Duration: 159.1ms | Allocations: 34886)
Completed 200 OK in 265ms (Views: 164.7ms | ActiveRecord: 1.8ms | Allocations: 60256)


Started GET "/" for ::1 at 2023-05-09 06:35:32 +0000
Processing by ArticlesController#index as HTML
  Rendering layout layouts/application.html.erb
  Rendering articles/index.html.erb within layouts/application
  [1m[36mArticle Load (0.4ms)[0m  [1m[34mSELECT "articles".* FROM "articles"[0m
  ↳ app/views/articles/index.html.erb:4
  Rendered articles/index.html.erb within layouts/application (Duration: 6.8ms | Allocations: 891)
  Rendered layout layouts/application.html.erb (Duration: 17.7ms | Allocations: 3432)
Completed 200 OK in 23ms (Views: 19.8ms | ActiveRecord: 0.4ms | Allocations: 3913)


Started GET "/" for ::1 at 2023-05-09 06:35:34 +0000
Processing by ArticlesController#index as HTML
  Rendering layout layouts/application.html.erb
  Rendering articles/index.html.erb within layouts/application
  [1m[36mArticle Load (0.2ms)[0m  [1m[34mSELECT "articles".* FROM "articles"[0m
  ↳ app/views/articles/index.html.erb:4
  Rendered articles/index.html.erb within layouts/application (Duration: 2.3ms | Allocations: 522)
  Rendered layout layouts/application.html.erb (Duration: 9.4ms | Allocations: 2875)
Completed 200 OK in 11ms (Views: 10.3ms | ActiveRecord: 0.2ms | Allocations: 3209)


Started GET "/articles/1" for ::1 at 2023-05-09 06:35:37 +0000
Processing by ArticlesController#show as HTML
  Parameters: {"id"=>"1"}
  [1m[36mArticle Load (0.7ms)[0m  [1m[34mSELECT "articles".* FROM "articles" WHERE "articles"."id" = ? LIMIT ?[0m  [["id", 1], ["LIMIT", 1]]
  ↳ app/controllers/articles_controller.rb:7:in `show'
  Rendering layout layouts/application.html.erb
  Rendering articles/show.html.erb within layouts/application
  Rendered articles/show.html.erb within layouts/application (Duration: 0.2ms | Allocations: 11)
  Rendered layout layouts/application.html.erb (Duration: 10.3ms | Allocations: 2344)
Completed 200 OK in 20ms (Views: 12.1ms | ActiveRecord: 0.7ms | Allocations: 3137)


Started GET "/articles/1" for ::1 at 2023-05-09 06:52:26 +0000
  [1m[36mActiveRecord::SchemaMigration Pluck (0.3ms)[0m  [1m[34mSELECT "schema_migrations"."version" FROM "schema_migrations" ORDER BY "schema_migrations"."version" ASC[0m
Processing by ArticlesController#show as HTML
  Parameters: {"id"=>"1"}
  [1m[36mArticle Load (0.4ms)[0m  [1m[34mSELECT "articles".* FROM "articles" WHERE "articles"."id" = ? LIMIT ?[0m  [["id", 1], ["LIMIT", 1]]
  ↳ app/controllers/articles_controller.rb:7:in `show'
  Rendering layout layouts/application.html.erb
  Rendering articles/show.html.erb within layouts/application
  Rendered articles/show.html.erb within layouts/application (Duration: 1.4ms | Allocations: 522)
  Rendered layout layouts/application.html.erb (Duration: 84.9ms | Allocations: 34742)
Completed 200 OK in 149ms (Views: 89.5ms | ActiveRecord: 1.4ms | Allocations: 60112)


Started GET "/" for ::1 at 2023-05-09 06:52:30 +0000
Processing by ArticlesController#index as HTML
  Rendering layout layouts/application.html.erb
  Rendering articles/index.html.erb within layouts/application
  [1m[36mArticle Load (0.6ms)[0m  [1m[34mSELECT "articles".* FROM "articles"[0m
  ↳ app/views/articles/index.html.erb:4
  Rendered articles/index.html.erb within layouts/application (Duration: 8.6ms | Allocations: 891)
  Rendered layout layouts/application.html.erb (Duration: 21.4ms | Allocations: 3434)
Completed 200 OK in 29ms (Views: 22.3ms | ActiveRecord: 0.6ms | Allocations: 3915)


Started GET "/" for ::1 at 2023-05-09 06:52:34 +0000
Processing by ArticlesController#index as HTML
  Rendering layout layouts/application.html.erb
  Rendering articles/index.html.erb within layouts/application
  [1m[36mArticle Load (0.8ms)[0m  [1m[34mSELECT "articles".* FROM "articles"[0m
  ↳ app/views/articles/index.html.erb:4
  Rendered articles/index.html.erb within layouts/application (Duration: 10.5ms | Allocations: 522)
  Rendered layout layouts/application.html.erb (Duration: 31.5ms | Allocations: 2871)
Completed 200 OK in 40ms (Views: 36.4ms | ActiveRecord: 0.8ms | Allocations: 3205)


Started GET "/" for ::1 at 2023-05-09 06:52:35 +0000
Processing by ArticlesController#index as HTML
  Rendering layout layouts/application.html.erb
  Rendering articles/index.html.erb within layouts/application
  [1m[36mArticle Load (0.6ms)[0m  [1m[34mSELECT "articles".* FROM "articles"[0m
  ↳ app/views/articles/index.html.erb:4
  Rendered articles/index.html.erb within layouts/application (Duration: 9.3ms | Allocations: 522)
  Rendered layout layouts/application.html.erb (Duration: 33.7ms | Allocations: 2867)
Completed 200 OK in 40ms (Views: 36.6ms | ActiveRecord: 0.6ms | Allocations: 3201)


Started GET "/articles/1" for ::1 at 2023-05-09 06:52:36 +0000
Processing by ArticlesController#show as HTML
  Parameters: {"id"=>"1"}
  [1m[36mArticle Load (0.7ms)[0m  [1m[34mSELECT "articles".* FROM "articles" WHERE "articles"."id" = ? LIMIT ?[0m  [["id", 1], ["LIMIT", 1]]
  ↳ app/controllers/articles_controller.rb:7:in `show'
  Rendering layout layouts/application.html.erb
  Rendering articles/show.html.erb within layouts/application
  Rendered articles/show.html.erb within layouts/application (Duration: 0.4ms | Allocations: 11)
  Rendered layout layouts/application.html.erb (Duration: 21.4ms | Allocations: 2358)
Completed 200 OK in 39ms (Views: 26.8ms | ActiveRecord: 0.7ms | Allocations: 3151)


Started GET "/articles/" for ::1 at 2023-05-09 07:09:56 +0000
  [1m[36mActiveRecord::SchemaMigration Pluck (0.2ms)[0m  [1m[34mSELECT "schema_migrations"."version" FROM "schema_migrations" ORDER BY "schema_migrations"."version" ASC[0m
Processing by ArticlesController#index as HTML
  Rendering layout layouts/application.html.erb
  Rendering articles/index.html.erb within layouts/application
  [1m[36mArticle Load (0.5ms)[0m  [1m[34mSELECT "articles".* FROM "articles"[0m
  ↳ app/views/articles/index.html.erb:4
  Rendered articles/index.html.erb within layouts/application (Duration: 49.6ms | Allocations: 17400)
  Rendered layout layouts/application.html.erb (Duration: 131.3ms | Allocations: 52015)
Completed 200 OK in 148ms (Views: 133.4ms | ActiveRecord: 1.6ms | Allocations: 59041)


Started GET "/articles/1" for ::1 at 2023-05-09 07:09:59 +0000
Processing by ArticlesController#show as HTML
  Parameters: {"id"=>"1"}
  [1m[36mArticle Load (0.9ms)[0m  [1m[34mSELECT "articles".* FROM "articles" WHERE "articles"."id" = ? LIMIT ?[0m  [["id", 1], ["LIMIT", 1]]
  ↳ app/controllers/articles_controller.rb:7:in `show'
  Rendering layout layouts/application.html.erb
  Rendering articles/show.html.erb within layouts/application
  Rendered articles/show.html.erb within layouts/application (Duration: 1.8ms | Allocations: 194)
  Rendered layout layouts/application.html.erb (Duration: 12.6ms | Allocations: 2733)
Completed 200 OK in 37ms (Views: 14.5ms | ActiveRecord: 0.9ms | Allocations: 5813)


Started GET "/articles/new" for ::1 at 2023-05-09 07:10:04 +0000
Processing by ArticlesController#new as HTML
  Rendering layout layouts/application.html.erb
  Rendering articles/new.html.erb within layouts/application
  Rendered articles/new.html.erb within layouts/application (Duration: 20.6ms | Allocations: 6052)
  Rendered layout layouts/application.html.erb (Duration: 26.2ms | Allocations: 8370)
Completed 200 OK in 29ms (Views: 27.4ms | ActiveRecord: 0.0ms | Allocations: 8824)


Started POST "/articles" for ::1 at 2023-05-09 07:10:59 +0000
Processing by ArticlesController#create as TURBO_STREAM
  Parameters: {"authenticity_token"=>"[FILTERED]", "article"=>{"title"=>"deces", "body"=>"que les âmes des fidèles défunt repose en paix "}, "commit"=>"Create Article"}
  [1m[36mTRANSACTION (0.1ms)[0m  [1m[36mbegin transaction[0m
  ↳ app/controllers/articles_controller.rb:17:in `create'
  [1m[36mArticle Create (0.5ms)[0m  [1m[32mINSERT INTO "articles" ("title", "body", "created_at", "updated_at") VALUES (?, ?, ?, ?)[0m  [["title", "deces"], ["body", "que les âmes des fidèles défunt repose en paix "], ["created_at", "2023-05-09 07:10:59.856621"], ["updated_at", "2023-05-09 07:10:59.856621"]]
  ↳ app/controllers/articles_controller.rb:17:in `create'
  [1m[36mTRANSACTION (11.2ms)[0m  [1m[36mcommit transaction[0m
  ↳ app/controllers/articles_controller.rb:17:in `create'
Redirected to http://localhost:3000/articles/2
Completed 302 Found in 21ms (ActiveRecord: 11.7ms | Allocations: 3600)


Started GET "/articles/2" for ::1 at 2023-05-09 07:10:59 +0000
Processing by ArticlesController#show as TURBO_STREAM
  Parameters: {"id"=>"2"}
  [1m[36mArticle Load (0.1ms)[0m  [1m[34mSELECT "articles".* FROM "articles" WHERE "articles"."id" = ? LIMIT ?[0m  [["id", 2], ["LIMIT", 1]]
  ↳ app/controllers/articles_controller.rb:7:in `show'
  Rendering layout layouts/application.html.erb
  Rendering articles/show.html.erb within layouts/application
  Rendered articles/show.html.erb within layouts/application (Duration: 0.1ms | Allocations: 15)
  Rendered layout layouts/application.html.erb (Duration: 3.9ms | Allocations: 2485)
Completed 200 OK in 7ms (Views: 4.6ms | ActiveRecord: 0.1ms | Allocations: 3353)


Started GET "/articles/new" for ::1 at 2023-05-09 07:11:03 +0000
Processing by ArticlesController#new as HTML
  Rendering layout layouts/application.html.erb
  Rendering articles/new.html.erb within layouts/application
  Rendered articles/new.html.erb within layouts/application (Duration: 4.2ms | Allocations: 991)
  Rendered layout layouts/application.html.erb (Duration: 11.4ms | Allocations: 3175)
Completed 200 OK in 14ms (Views: 12.7ms | ActiveRecord: 0.0ms | Allocations: 3506)


Started GET "/articles/" for ::1 at 2023-05-09 07:11:13 +0000
Processing by ArticlesController#index as HTML
  Rendering layout layouts/application.html.erb
  Rendering articles/index.html.erb within layouts/application
  [1m[36mArticle Load (0.2ms)[0m  [1m[34mSELECT "articles".* FROM "articles"[0m
  ↳ app/views/articles/index.html.erb:4
  Rendered articles/index.html.erb within layouts/application (Duration: 2.7ms | Allocations: 666)
  Rendered layout layouts/application.html.erb (Duration: 8.9ms | Allocations: 3013)
Completed 200 OK in 11ms (Views: 9.7ms | ActiveRecord: 0.2ms | Allocations: 3341)


Started GET "/articles/" for ::1 at 2023-05-09 19:05:42 +0000
Processing by ArticlesController#index as HTML
  Rendering layout layouts/application.html.erb
  Rendering articles/index.html.erb within layouts/application
  [1m[36mArticle Load (0.5ms)[0m  [1m[34mSELECT "articles".* FROM "articles"[0m
  ↳ app/views/articles/index.html.erb:4
  Rendered articles/index.html.erb within layouts/application (Duration: 34.4ms | Allocations: 819)
  Rendered layout layouts/application.html.erb (Duration: 65.1ms | Allocations: 3183)
Completed 200 OK in 75ms (Views: 69.3ms | ActiveRecord: 3.2ms | Allocations: 3509)


Started GET "/articles/2" for ::1 at 2023-05-09 19:05:45 +0000
Processing by ArticlesController#show as HTML
  Parameters: {"id"=>"2"}
  [1m[36mArticle Load (0.8ms)[0m  [1m[34mSELECT "articles".* FROM "articles" WHERE "articles"."id" = ? LIMIT ?[0m  [["id", 2], ["LIMIT", 1]]
  ↳ app/controllers/articles_controller.rb:7:in `show'
  Rendering layout layouts/application.html.erb
  Rendering articles/show.html.erb within layouts/application
  Rendered articles/show.html.erb within layouts/application (Duration: 0.4ms | Allocations: 12)
  Rendered layout layouts/application.html.erb (Duration: 22.9ms | Allocations: 2366)
Completed 200 OK in 36ms (Views: 25.8ms | ActiveRecord: 0.8ms | Allocations: 3145)


Started GET "/articles/2" for ::1 at 2023-05-09 22:09:36 +0000
Processing by ArticlesController#show as HTML
  Parameters: {"id"=>"2"}
  [1m[36mArticle Load (0.9ms)[0m  [1m[34mSELECT "articles".* FROM "articles" WHERE "articles"."id" = ? LIMIT ?[0m  [["id", 2], ["LIMIT", 1]]
  ↳ app/controllers/articles_controller.rb:7:in `show'
  Rendering layout layouts/application.html.erb
  Rendering articles/show.html.erb within layouts/application
  Rendered articles/show.html.erb within layouts/application (Duration: 0.3ms | Allocations: 12)
  Rendered layout layouts/application.html.erb (Duration: 21.0ms | Allocations: 2358)
Completed 200 OK in 45ms (Views: 28.2ms | ActiveRecord: 3.7ms | Allocations: 3251)


Started GET "/articles/2" for ::1 at 2023-05-09 22:27:31 +0000
  [1m[36mActiveRecord::SchemaMigration Pluck (0.2ms)[0m  [1m[34mSELECT "schema_migrations"."version" FROM "schema_migrations" ORDER BY "schema_migrations"."version" ASC[0m
  
SyntaxError (/home/junior/blog/app/controllers/articles_controller.rb:50: syntax error, unexpected `end', expecting end-of-input):
  
app/controllers/articles_controller.rb:50: syntax error, unexpected `end', expecting end-of-input
app/controllers/articles_controller.rb:50: syntax error, unexpected `end', expecting end-of-input
app/controllers/articles_controller.rb:50: syntax error, unexpected `end', expecting end-of-input
Started GET "/articles/2" for ::1 at 2023-05-09 22:28:11 +0000
  [1m[36mActiveRecord::SchemaMigration Pluck (0.3ms)[0m  [1m[34mSELECT "schema_migrations"."version" FROM "schema_migrations" ORDER BY "schema_migrations"."version" ASC[0m
Processing by ArticlesController#show as HTML
  Parameters: {"id"=>"2"}
  [1m[36mArticle Load (0.2ms)[0m  [1m[34mSELECT "articles".* FROM "articles" WHERE "articles"."id" = ? LIMIT ?[0m  [["id", 2], ["LIMIT", 1]]
  ↳ app/controllers/articles_controller.rb:7:in `show'
  Rendering layout layouts/application.html.erb
  Rendering articles/show.html.erb within layouts/application
  Rendered articles/show.html.erb within layouts/application (Duration: 2.6ms | Allocations: 831)
  Rendered layout layouts/application.html.erb (Duration: 100.4ms | Allocations: 35495)
Completed 200 OK in 168ms (Views: 105.1ms | ActiveRecord: 1.6ms | Allocations: 61060)


Started GET "/articles/2/edit" for ::1 at 2023-05-09 22:28:14 +0000
Processing by ArticlesController#edit as HTML
  Parameters: {"id"=>"2"}
  [1m[36mArticle Load (0.5ms)[0m  [1m[34mSELECT "articles".* FROM "articles" WHERE "articles"."id" = ? LIMIT ?[0m  [["id", 2], ["LIMIT", 1]]
  ↳ app/controllers/articles_controller.rb:25:in `edit'
  Rendering layout layouts/application.html.erb
  Rendering articles/edit.html.erb within layouts/application
  Rendered articles/_form.html.erb (Duration: 47.1ms | Allocations: 4079)
  Rendered articles/edit.html.erb within layouts/application (Duration: 52.3ms | Allocations: 4382)
  Rendered layout layouts/application.html.erb (Duration: 58.5ms | Allocations: 6678)
Completed 200 OK in 72ms (Views: 61.2ms | ActiveRecord: 0.5ms | Allocations: 7663)


Started PATCH "/articles/2" for ::1 at 2023-05-09 22:28:28 +0000
Processing by ArticlesController#update as TURBO_STREAM
  Parameters: {"authenticity_token"=>"[FILTERED]", "article"=>{"title"=>"deces", "body"=>"que les âmes des fidèles défunt repose en paix tata Anna"}, "commit"=>"Update Article", "id"=>"2"}
  [1m[36mArticle Load (0.2ms)[0m  [1m[34mSELECT "articles".* FROM "articles" WHERE "articles"."id" = ? LIMIT ?[0m  [["id", 2], ["LIMIT", 1]]
  ↳ app/controllers/articles_controller.rb:29:in `update'
  [1m[36mTRANSACTION (0.2ms)[0m  [1m[36mbegin transaction[0m
  ↳ app/controllers/articles_controller.rb:31:in `update'
  [1m[36mArticle Update (0.6ms)[0m  [1m[33mUPDATE "articles" SET "body" = ?, "updated_at" = ? WHERE "articles"."id" = ?[0m  [["body", "que les âmes des fidèles défunt repose en paix tata Anna"], ["updated_at", "2023-05-09 22:28:28.514365"], ["id", 2]]
  ↳ app/controllers/articles_controller.rb:31:in `update'
  [1m[36mTRANSACTION (8.5ms)[0m  [1m[36mcommit transaction[0m
  ↳ app/controllers/articles_controller.rb:31:in `update'
Redirected to http://localhost:3000/articles/2
Completed 302 Found in 28ms (ActiveRecord: 9.5ms | Allocations: 4238)


Started GET "/articles/2" for ::1 at 2023-05-09 22:28:28 +0000
Processing by ArticlesController#show as TURBO_STREAM
  Parameters: {"id"=>"2"}
  [1m[36mArticle Load (0.2ms)[0m  [1m[34mSELECT "articles".* FROM "articles" WHERE "articles"."id" = ? LIMIT ?[0m  [["id", 2], ["LIMIT", 1]]
  ↳ app/controllers/articles_controller.rb:7:in `show'
  Rendering layout layouts/application.html.erb
  Rendering articles/show.html.erb within layouts/application
  Rendered articles/show.html.erb within layouts/application (Duration: 0.6ms | Allocations: 139)
  Rendered layout layouts/application.html.erb (Duration: 6.6ms | Allocations: 2600)
Completed 200 OK in 11ms (Views: 8.5ms | ActiveRecord: 0.2ms | Allocations: 3451)


Started GET "/articles/2/edit" for ::1 at 2023-05-09 22:28:33 +0000
Processing by ArticlesController#edit as HTML
  Parameters: {"id"=>"2"}
  [1m[36mArticle Load (0.8ms)[0m  [1m[34mSELECT "articles".* FROM "articles" WHERE "articles"."id" = ? LIMIT ?[0m  [["id", 2], ["LIMIT", 1]]
  ↳ app/controllers/articles_controller.rb:25:in `edit'
  Rendering layout layouts/application.html.erb
  Rendering articles/edit.html.erb within layouts/application
  Rendered articles/_form.html.erb (Duration: 4.7ms | Allocations: 1056)
  Rendered articles/edit.html.erb within layouts/application (Duration: 5.4ms | Allocations: 1116)
  Rendered layout layouts/application.html.erb (Duration: 18.0ms | Allocations: 3293)
Completed 200 OK in 45ms (Views: 19.8ms | ActiveRecord: 0.8ms | Allocations: 4063)


Started GET "/articles/" for ::1 at 2023-05-09 22:28:34 +0000
Processing by ArticlesController#index as HTML
  Rendering layout layouts/application.html.erb
  Rendering articles/index.html.erb within layouts/application
  [1m[36mArticle Load (0.5ms)[0m  [1m[34mSELECT "articles".* FROM "articles"[0m
  ↳ app/views/articles/index.html.erb:4
  Rendered articles/index.html.erb within layouts/application (Duration: 11.4ms | Allocations: 983)
  Rendered layout layouts/application.html.erb (Duration: 23.6ms | Allocations: 3335)
Completed 200 OK in 29ms (Views: 25.6ms | ActiveRecord: 0.5ms | Allocations: 3748)


Started GET "/articles/" for ::1 at 2023-05-09 22:28:36 +0000
Processing by ArticlesController#index as HTML
  Rendering layout layouts/application.html.erb
  Rendering articles/index.html.erb within layouts/application
  [1m[36mArticle Load (2.2ms)[0m  [1m[34mSELECT "articles".* FROM "articles"[0m
  ↳ app/views/articles/index.html.erb:4
  Rendered articles/index.html.erb within layouts/application (Duration: 16.3ms | Allocations: 637)
  Rendered layout layouts/application.html.erb (Duration: 31.5ms | Allocations: 2984)
Completed 200 OK in 40ms (Views: 35.0ms | ActiveRecord: 2.2ms | Allocations: 3310)


Started GET "/articles/new" for ::1 at 2023-05-09 22:28:40 +0000
Processing by ArticlesController#new as HTML
  Rendering layout layouts/application.html.erb
  Rendering articles/new.html.erb within layouts/application
  Rendered articles/_form.html.erb (Duration: 7.3ms | Allocations: 952)
  Rendered articles/new.html.erb within layouts/application (Duration: 10.7ms | Allocations: 1137)
  Rendered layout layouts/application.html.erb (Duration: 20.9ms | Allocations: 3321)
Completed 200 OK in 28ms (Views: 23.5ms | ActiveRecord: 0.0ms | Allocations: 3734)


Started GET "/articles/" for ::1 at 2023-05-09 22:29:17 +0000
Processing by ArticlesController#index as HTML
  Rendering layout layouts/application.html.erb
  Rendering articles/index.html.erb within layouts/application
  [1m[36mArticle Load (0.3ms)[0m  [1m[34mSELECT "articles".* FROM "articles"[0m
  ↳ app/views/articles/index.html.erb:4
  Rendered articles/index.html.erb within layouts/application (Duration: 4.4ms | Allocations: 637)
  Rendered layout layouts/application.html.erb (Duration: 12.3ms | Allocations: 2992)
Completed 200 OK in 14ms (Views: 12.9ms | ActiveRecord: 0.3ms | Allocations: 3318)


Started GET "/articles/" for ::1 at 2023-05-09 22:47:19 +0000
  [1m[36mActiveRecord::SchemaMigration Pluck (0.2ms)[0m  [1m[34mSELECT "schema_migrations"."version" FROM "schema_migrations" ORDER BY "schema_migrations"."version" ASC[0m
Processing by ArticlesController#index as HTML
  Rendering layout layouts/application.html.erb
  Rendering articles/index.html.erb within layouts/application
  [1m[36mArticle Load (0.2ms)[0m  [1m[34mSELECT "articles".* FROM "articles"[0m
  ↳ app/views/articles/index.html.erb:10
  Rendered articles/index.html.erb within layouts/application (Duration: 60.5ms | Allocations: 22453)
  Rendered layout layouts/application.html.erb (Duration: 60.9ms | Allocations: 22555)
Completed 500 Internal Server Error in 77ms (ActiveRecord: 1.1ms | Allocations: 29494)


  
ActionView::Template::Error (undefined local variable or method `article' for #<ActionView::Base:0x0000000000afa0>
Did you mean?  @articles):
    18: <ul>
    19: 
    20:     <li>
    21:       <%= link_to article.title, article %>
    22:     </li>
    23:   
    24: </ul>
  
app/views/articles/index.html.erb:21
Started GET "/articles/" for ::1 at 2023-05-09 22:47:51 +0000
  [1m[36mActiveRecord::SchemaMigration Pluck (0.2ms)[0m  [1m[34mSELECT "schema_migrations"."version" FROM "schema_migrations" ORDER BY "schema_migrations"."version" ASC[0m
Processing by ArticlesController#index as HTML
  Rendering layout layouts/application.html.erb
  Rendering articles/index.html.erb within layouts/application
  [1m[36mArticle Load (0.3ms)[0m  [1m[34mSELECT "articles".* FROM "articles"[0m
  ↳ app/views/articles/index.html.erb:10
  Rendered articles/index.html.erb within layouts/application (Duration: 52.6ms | Allocations: 17438)
  Rendered layout layouts/application.html.erb (Duration: 139.2ms | Allocations: 52114)
Completed 200 OK in 154ms (Views: 143.1ms | ActiveRecord: 1.3ms | Allocations: 59114)


Started GET "/articles/" for ::1 at 2023-05-10 10:13:23 +0000
Processing by ArticlesController#index as HTML
  Rendering layout layouts/application.html.erb
  Rendering articles/index.html.erb within layouts/application
  [1m[36mArticle Load (0.5ms)[0m  [1m[34mSELECT "articles".* FROM "articles"[0m
  ↳ app/views/articles/index.html.erb:10
  Rendered articles/index.html.erb within layouts/application (Duration: 9.2ms | Allocations: 1246)
  Rendered layout layouts/application.html.erb (Duration: 23.2ms | Allocations: 4083)
Completed 200 OK in 34ms (Views: 29.1ms | ActiveRecord: 1.6ms | Allocations: 5271)


Started GET "/articles/" for ::1 at 2023-05-10 18:20:05 +0000
  [1m[36mActiveRecord::SchemaMigration Pluck (0.1ms)[0m  [1m[34mSELECT "schema_migrations"."version" FROM "schema_migrations" ORDER BY "schema_migrations"."version" ASC[0m
Processing by ArticlesController#index as HTML
  Rendering layout layouts/application.html.erb
  Rendering articles/index.html.erb within layouts/application
  [1m[36mArticle Load (0.3ms)[0m  [1m[34mSELECT "articles".* FROM "articles"[0m
  ↳ app/views/articles/index.html.erb:10
  Rendered articles/index.html.erb within layouts/application (Duration: 22.2ms | Allocations: 17439)
  Rendered layout layouts/application.html.erb (Duration: 7239.7ms | Allocations: 162852)
Completed 200 OK in 7261ms (Views: 7245.2ms | ActiveRecord: 1.0ms | Allocations: 169850)


Started GET "/" for ::1 at 2023-05-10 18:20:22 +0000
Processing by ArticlesController#index as HTML
  Rendering layout layouts/application.html.erb
  Rendering articles/index.html.erb within layouts/application
  [1m[36mArticle Load (0.3ms)[0m  [1m[34mSELECT "articles".* FROM "articles"[0m
  ↳ app/views/articles/index.html.erb:10
  Rendered articles/index.html.erb within layouts/application (Duration: 3.7ms | Allocations: 673)
  Rendered layout layouts/application.html.erb (Duration: 21.5ms | Allocations: 6235)
Completed 200 OK in 26ms (Views: 24.3ms | ActiveRecord: 0.3ms | Allocations: 6635)


Started GET "/" for ::1 at 2023-05-10 18:37:29 +0000
  [1m[36mActiveRecord::SchemaMigration Pluck (0.2ms)[0m  [1m[34mSELECT "schema_migrations"."version" FROM "schema_migrations" ORDER BY "schema_migrations"."version" ASC[0m
Processing by ArticlesController#index as HTML
  Rendering layout layouts/application.html.erb
  Rendering articles/index.html.erb within layouts/application
  [1m[36mArticle Load (0.3ms)[0m  [1m[34mSELECT "articles".* FROM "articles"[0m
  ↳ app/views/articles/index.html.erb:24
  Rendered articles/index.html.erb within layouts/application (Duration: 22.2ms | Allocations: 17481)
  Rendered layout layouts/application.html.erb (Duration: 123.7ms | Allocations: 61204)
Completed 200 OK in 139ms (Views: 128.0ms | ActiveRecord: 1.0ms | Allocations: 68204)


Started GET "/" for ::1 at 2023-05-10 18:40:09 +0000
  [1m[36mActiveRecord::SchemaMigration Pluck (0.1ms)[0m  [1m[34mSELECT "schema_migrations"."version" FROM "schema_migrations" ORDER BY "schema_migrations"."version" ASC[0m
Processing by ArticlesController#index as HTML
  Rendering layout layouts/application.html.erb
  Rendering articles/index.html.erb within layouts/application
  [1m[36mArticle Load (0.3ms)[0m  [1m[34mSELECT "articles".* FROM "articles"[0m
  ↳ app/views/articles/index.html.erb:41
  Rendered articles/index.html.erb within layouts/application (Duration: 23.6ms | Allocations: 17532)
  Rendered layout layouts/application.html.erb (Duration: 127.4ms | Allocations: 61392)
Completed 200 OK in 144ms (Views: 129.6ms | ActiveRecord: 1.9ms | Allocations: 68392)


Started GET "/" for ::1 at 2023-05-10 18:40:58 +0000
Processing by ArticlesController#index as HTML
  Rendering layout layouts/application.html.erb
  Rendering articles/index.html.erb within layouts/application
  [1m[36mArticle Load (0.3ms)[0m  [1m[34mSELECT "articles".* FROM "articles"[0m
  ↳ app/views/articles/index.html.erb:44
  Rendered articles/index.html.erb within layouts/application (Duration: 9.2ms | Allocations: 1161)
  Rendered layout layouts/application.html.erb (Duration: 51.4ms | Allocations: 7209)
Completed 200 OK in 62ms (Views: 59.3ms | ActiveRecord: 0.3ms | Allocations: 8402)


Started GET "/" for ::1 at 2023-05-10 18:41:11 +0000
  [1m[36mActiveRecord::SchemaMigration Pluck (0.3ms)[0m  [1m[34mSELECT "schema_migrations"."version" FROM "schema_migrations" ORDER BY "schema_migrations"."version" ASC[0m
Processing by ArticlesController#index as HTML
  Rendering layout layouts/application.html.erb
  Rendering articles/index.html.erb within layouts/application
  [1m[36mArticle Load (0.3ms)[0m  [1m[34mSELECT "articles".* FROM "articles"[0m
  ↳ app/views/articles/index.html.erb:44
  Rendered articles/index.html.erb within layouts/application (Duration: 24.2ms | Allocations: 17541)
  Rendered layout layouts/application.html.erb (Duration: 136.1ms | Allocations: 61427)
Completed 200 OK in 153ms (Views: 139.9ms | ActiveRecord: 1.1ms | Allocations: 68427)


Started GET "/" for ::1 at 2023-05-10 18:41:26 +0000
Processing by ArticlesController#index as HTML
  Rendering layout layouts/application.html.erb
  Rendering articles/index.html.erb within layouts/application
  [1m[36mArticle Load (0.6ms)[0m  [1m[34mSELECT "articles".* FROM "articles"[0m
  ↳ app/views/articles/index.html.erb:10
  Rendered articles/index.html.erb within layouts/application (Duration: 8.7ms | Allocations: 1059)
  Rendered layout layouts/application.html.erb (Duration: 41.1ms | Allocations: 7091)
Completed 200 OK in 49ms (Views: 47.0ms | ActiveRecord: 0.6ms | Allocations: 8284)


Started GET "/" for ::1 at 2023-05-10 18:46:43 +0000
  [1m[36mActiveRecord::SchemaMigration Pluck (0.2ms)[0m  [1m[34mSELECT "schema_migrations"."version" FROM "schema_migrations" ORDER BY "schema_migrations"."version" ASC[0m
Processing by ArticlesController#index as HTML
  Rendering layout layouts/application.html.erb
  Rendering articles/index.html.erb within layouts/application
  [1m[36mArticle Load (0.2ms)[0m  [1m[34mSELECT "articles".* FROM "articles"[0m
  ↳ app/views/articles/index.html.erb:10
  Rendered articles/index.html.erb within layouts/application (Duration: 17.9ms | Allocations: 17439)
  Rendered layout layouts/application.html.erb (Duration: 7608.1ms | Allocations: 173017)
Completed 200 OK in 7623ms (Views: 7612.2ms | ActiveRecord: 0.8ms | Allocations: 180016)


Started GET "/" for ::1 at 2023-05-10 18:47:12 +0000
Processing by ArticlesController#index as HTML
  Rendering layout layouts/application.html.erb
  Rendering articles/index.html.erb within layouts/application
  [1m[36mArticle Load (0.3ms)[0m  [1m[34mSELECT "articles".* FROM "articles"[0m
  ↳ app/views/articles/index.html.erb:10
  Rendered articles/index.html.erb within layouts/application (Duration: 8.8ms | Allocations: 1064)
  Rendered layout layouts/application.html.erb (Duration: 27.4ms | Allocations: 7126)
Completed 200 OK in 33ms (Views: 30.8ms | ActiveRecord: 0.3ms | Allocations: 8316)


Started GET "/articles/new" for ::1 at 2023-05-10 18:47:14 +0000
Processing by ArticlesController#new as HTML
  Rendering layout layouts/application.html.erb
  Rendering articles/new.html.erb within layouts/application
  Rendered articles/_form.html.erb (Duration: 132.5ms | Allocations: 6182)
  Rendered articles/new.html.erb within layouts/application (Duration: 136.4ms | Allocations: 6460)
  Rendered layout layouts/application.html.erb (Duration: 213.9ms | Allocations: 11984)
Completed 200 OK in 219ms (Views: 215.6ms | ActiveRecord: 0.0ms | Allocations: 12463)


Started GET "/articles/new" for ::1 at 2023-05-10 19:01:20 +0000
  [1m[36mActiveRecord::SchemaMigration Pluck (0.1ms)[0m  [1m[34mSELECT "schema_migrations"."version" FROM "schema_migrations" ORDER BY "schema_migrations"."version" ASC[0m
Processing by ArticlesController#new as HTML
  Rendering layout layouts/application.html.erb
  Rendering articles/new.html.erb within layouts/application
  Rendered articles/_form.html.erb (Duration: 12.6ms | Allocations: 4256)
  Rendered articles/new.html.erb within layouts/application (Duration: 14.4ms | Allocations: 4917)
  Rendered layout layouts/application.html.erb (Duration: 214.9ms | Allocations: 72351)
Completed 200 OK in 248ms (Views: 218.6ms | ActiveRecord: 1.1ms | Allocations: 95178)


Started GET "/" for ::1 at 2023-05-10 19:01:24 +0000
Processing by ArticlesController#index as HTML
  Rendering layout layouts/application.html.erb
  Rendering articles/index.html.erb within layouts/application
  [1m[36mArticle Load (0.3ms)[0m  [1m[34mSELECT "articles".* FROM "articles"[0m
  ↳ app/views/articles/index.html.erb:10
  Rendered articles/index.html.erb within layouts/application (Duration: 9.2ms | Allocations: 1169)
  Rendered layout layouts/application.html.erb (Duration: 28.7ms | Allocations: 6888)
Completed 200 OK in 36ms (Views: 32.1ms | ActiveRecord: 0.3ms | Allocations: 7430)


Started GET "/" for ::1 at 2023-05-10 19:01:27 +0000
Processing by ArticlesController#index as HTML
  Rendering layout layouts/application.html.erb
  Rendering articles/index.html.erb within layouts/application
  [1m[36mArticle Load (0.2ms)[0m  [1m[34mSELECT "articles".* FROM "articles"[0m
  ↳ app/views/articles/index.html.erb:10
  Rendered articles/index.html.erb within layouts/application (Duration: 3.9ms | Allocations: 580)
  Rendered layout layouts/application.html.erb (Duration: 24.7ms | Allocations: 6207)
Completed 200 OK in 27ms (Views: 25.5ms | ActiveRecord: 0.2ms | Allocations: 6541)


Started GET "/" for ::1 at 2023-05-10 19:03:35 +0000
Processing by ArticlesController#index as HTML
  Rendering layout layouts/application.html.erb
  Rendering articles/index.html.erb within layouts/application
  [1m[36mArticle Load (0.2ms)[0m  [1m[34mSELECT "articles".* FROM "articles"[0m
  ↳ app/views/articles/index.html.erb:31
  Rendered articles/index.html.erb within layouts/application (Duration: 3.7ms | Allocations: 1112)
  Rendered layout layouts/application.html.erb (Duration: 68.9ms | Allocations: 7237)
Completed 200 OK in 75ms (Views: 72.9ms | ActiveRecord: 0.2ms | Allocations: 8361)


Started GET "/" for ::1 at 2023-05-10 19:06:12 +0000
Processing by ArticlesController#index as HTML
  Rendering layout layouts/application.html.erb
  Rendering articles/index.html.erb within layouts/application
  [1m[36mArticle Load (0.3ms)[0m  [1m[34mSELECT "articles".* FROM "articles"[0m
  ↳ app/views/articles/index.html.erb:510
  Rendered articles/index.html.erb within layouts/application (Duration: 13.3ms | Allocations: 2561)
  Rendered layout layouts/application.html.erb (Duration: 33.6ms | Allocations: 8684)
Completed 200 OK in 53ms (Views: 47.5ms | ActiveRecord: 0.3ms | Allocations: 9842)


Started GET "/" for ::1 at 2023-05-10 19:07:48 +0000
Processing by ArticlesController#index as HTML
  Rendering layout layouts/application.html.erb
  Rendering articles/index.html.erb within layouts/application
  [1m[36mArticle Load (0.2ms)[0m  [1m[34mSELECT "articles".* FROM "articles"[0m
  ↳ app/views/articles/index.html.erb:10
  Rendered articles/index.html.erb within layouts/application (Duration: 3.6ms | Allocations: 1048)
  Rendered layout layouts/application.html.erb (Duration: 22.6ms | Allocations: 7170)
Completed 200 OK in 28ms (Views: 25.7ms | ActiveRecord: 0.2ms | Allocations: 8314)


Started GET "/" for ::1 at 2023-05-10 19:15:37 +0000
Processing by ArticlesController#index as HTML
  Rendering layout layouts/application.html.erb
  Rendering articles/index.html.erb within layouts/application
  [1m[36mArticle Load (0.4ms)[0m  [1m[34mSELECT "articles".* FROM "articles"[0m
  ↳ app/views/articles/index.html.erb:10
  Rendered articles/index.html.erb within layouts/application (Duration: 13.5ms | Allocations: 1238)
  Rendered layout layouts/application.html.erb (Duration: 59.5ms | Allocations: 18628)
Completed 200 OK in 85ms (Views: 72.3ms | ActiveRecord: 1.3ms | Allocations: 19774)


Started GET "/" for ::1 at 2023-05-10 19:15:51 +0000
Processing by ArticlesController#index as HTML
  Rendering layout layouts/application.html.erb
  Rendering articles/index.html.erb within layouts/application
  [1m[36mArticle Load (0.2ms)[0m  [1m[34mSELECT "articles".* FROM "articles"[0m
  ↳ app/views/articles/index.html.erb:10
  Rendered articles/index.html.erb within layouts/application (Duration: 2.5ms | Allocations: 574)
  Rendered layout layouts/application.html.erb (Duration: 18.3ms | Allocations: 6205)
Completed 200 OK in 21ms (Views: 19.4ms | ActiveRecord: 0.2ms | Allocations: 6556)


Started GET "/" for ::1 at 2023-05-10 19:15:54 +0000
Processing by ArticlesController#index as HTML
  Rendering layout layouts/application.html.erb
  Rendering articles/index.html.erb within layouts/application
  [1m[36mArticle Load (0.2ms)[0m  [1m[34mSELECT "articles".* FROM "articles"[0m
  ↳ app/views/articles/index.html.erb:10
  Rendered articles/index.html.erb within layouts/application (Duration: 2.7ms | Allocations: 574)
  Rendered layout layouts/application.html.erb (Duration: 22.2ms | Allocations: 6201)
Completed 200 OK in 26ms (Views: 24.6ms | ActiveRecord: 0.2ms | Allocations: 6530)


Started GET "/articles/new" for ::1 at 2023-05-10 19:16:00 +0000
Processing by ArticlesController#new as HTML
  Rendering layout layouts/application.html.erb
  Rendering articles/new.html.erb within layouts/application
  Rendered articles/_form.html.erb (Duration: 2.8ms | Allocations: 1387)
  Rendered articles/new.html.erb within layouts/application (Duration: 4.0ms | Allocations: 1632)
  Rendered layout layouts/application.html.erb (Duration: 19.4ms | Allocations: 7107)
Completed 200 OK in 21ms (Views: 20.4ms | ActiveRecord: 0.0ms | Allocations: 7510)


Started GET "/articles/new" for ::1 at 2023-05-10 19:22:56 +0000
Processing by ArticlesController#new as HTML
  Rendering layout layouts/application.html.erb
  Rendering articles/new.html.erb within layouts/application
  Rendered articles/_form.html.erb (Duration: 4.2ms | Allocations: 1500)
  Rendered articles/new.html.erb within layouts/application (Duration: 8.7ms | Allocations: 1776)
  Rendered layout layouts/application.html.erb (Duration: 46.4ms | Allocations: 18864)
Completed 200 OK in 56ms (Views: 52.8ms | Allocations: 19989)


Started GET "/" for ::1 at 2023-05-10 19:22:58 +0000
Processing by ArticlesController#index as HTML
  Rendering layout layouts/application.html.erb
  Rendering articles/index.html.erb within layouts/application
  [1m[36mArticle Load (0.4ms)[0m  [1m[34mSELECT "articles".* FROM "articles"[0m
  ↳ app/views/articles/index.html.erb:15
  Rendered articles/index.html.erb within layouts/application (Duration: 9.5ms | Allocations: 1164)
  Rendered layout layouts/application.html.erb (Duration: 34.9ms | Allocations: 6796)
Completed 200 OK in 38ms (Views: 36.7ms | ActiveRecord: 1.1ms | Allocations: 7196)


Started GET "/" for ::1 at 2023-05-10 19:23:00 +0000
Processing by ArticlesController#index as HTML
  Rendering layout layouts/application.html.erb
  Rendering articles/index.html.erb within layouts/application
  [1m[36mArticle Load (0.6ms)[0m  [1m[34mSELECT "articles".* FROM "articles"[0m
  ↳ app/views/articles/index.html.erb:15
  Rendered articles/index.html.erb within layouts/application (Duration: 12.1ms | Allocations: 574)
  Rendered layout layouts/application.html.erb (Duration: 46.3ms | Allocations: 6224)
Completed 200 OK in 55ms (Views: 52.0ms | ActiveRecord: 0.6ms | Allocations: 6552)


Started GET "/articles/new" for ::1 at 2023-05-10 19:23:36 +0000
Processing by ArticlesController#new as HTML
  Rendering layout layouts/application.html.erb
  Rendering articles/new.html.erb within layouts/application
  Rendered articles/_form.html.erb (Duration: 2.9ms | Allocations: 931)
  Rendered articles/new.html.erb within layouts/application (Duration: 3.3ms | Allocations: 987)
  Rendered layout layouts/application.html.erb (Duration: 20.9ms | Allocations: 6454)
Completed 200 OK in 23ms (Views: 22.1ms | ActiveRecord: 0.0ms | Allocations: 6790)


Started GET "/articles/new" for ::1 at 2023-05-10 19:28:49 +0000
Processing by ArticlesController#new as HTML
  Rendering layout layouts/application.html.erb
  Rendering articles/new.html.erb within layouts/application
  Rendered articles/_form.html.erb (Duration: 5.2ms | Allocations: 1502)
  Rendered articles/new.html.erb within layouts/application (Duration: 7.1ms | Allocations: 1778)
  Rendered layout layouts/application.html.erb (Duration: 600.8ms | Allocations: 21126)
Completed 500 Internal Server Error in 607ms (Allocations: 22243)


  
ActionView::Template::Error (Error: File to import not found or unreadable: rails_bootstrap_forms.
        on line 2:1 of app/assets/stylesheets/application.scss
>> @import "rails_bootstrap_forms";

   ^
):
     6:     <%= csrf_meta_tags %>
     7:     <%= csp_meta_tag %>
     8: 
     9:     <%= stylesheet_link_tag "application", "data-turbo-track": "reload" %>
    10:     <%= javascript_importmap_tags %>
    11:   </head>
    12: 
  
app/assets/stylesheets/application.scss:2
app/views/layouts/application.html.erb:9
Started GET "/articles/new" for ::1 at 2023-05-10 19:29:40 +0000
Processing by ArticlesController#new as HTML
  Rendering layout layouts/application.html.erb
  Rendering articles/new.html.erb within layouts/application
  Rendered articles/_form.html.erb (Duration: 11.6ms | Allocations: 1076)
  Rendered articles/new.html.erb within layouts/application (Duration: 12.7ms | Allocations: 1132)
  Rendered layout layouts/application.html.erb (Duration: 6961.7ms | Allocations: 36770)
Completed 200 OK in 6966ms (Views: 6964.6ms | Allocations: 37138)


Started GET "/" for ::1 at 2023-05-10 19:29:49 +0000
Processing by ArticlesController#index as HTML
  Rendering layout layouts/application.html.erb
  Rendering articles/index.html.erb within layouts/application
  [1m[36mArticle Load (1.1ms)[0m  [1m[34mSELECT "articles".* FROM "articles"[0m
  ↳ app/views/articles/index.html.erb:15
  Rendered articles/index.html.erb within layouts/application (Duration: 19.4ms | Allocations: 5472)
  Rendered layout layouts/application.html.erb (Duration: 20.1ms | Allocations: 5543)
Completed 500 Internal Server Error in 25ms (ActiveRecord: 2.0ms | Allocations: 5899)


  
ActionView::Template::Error (undefined local variable or method `f' for #<ActionView::Base:0x0000000000cc10>):
    22: </table>
    23: </div>
    24: 
    25: <%= f.text_field :email, label_as_placeholder: true %>
    26: <%
    27: =begin%>
    28:  
  
app/views/articles/index.html.erb:25
Started GET "/" for ::1 at 2023-05-10 19:29:52 +0000
Processing by ArticlesController#index as HTML
  Rendering layout layouts/application.html.erb
  Rendering articles/index.html.erb within layouts/application
  [1m[36mArticle Load (0.6ms)[0m  [1m[34mSELECT "articles".* FROM "articles"[0m
  ↳ app/views/articles/index.html.erb:15
  Rendered articles/index.html.erb within layouts/application (Duration: 32.1ms | Allocations: 4786)
  Rendered layout layouts/application.html.erb (Duration: 34.2ms | Allocations: 4857)
Completed 500 Internal Server Error in 44ms (ActiveRecord: 0.6ms | Allocations: 5151)


  
ActionView::Template::Error (undefined local variable or method `f' for #<ActionView::Base:0x0000000000cee0>):
    22: </table>
    23: </div>
    24: 
    25: <%= f.text_field :email, label_as_placeholder: true %>
    26: <%
    27: =begin%>
    28:  
  
app/views/articles/index.html.erb:25
Started GET "/" for ::1 at 2023-05-10 19:30:05 +0000
Processing by ArticlesController#index as HTML
  Rendering layout layouts/application.html.erb
  Rendering articles/index.html.erb within layouts/application
  [1m[36mArticle Load (0.3ms)[0m  [1m[34mSELECT "articles".* FROM "articles"[0m
  ↳ app/views/articles/index.html.erb:15
  Rendered articles/index.html.erb within layouts/application (Duration: 14.8ms | Allocations: 4786)
  Rendered layout layouts/application.html.erb (Duration: 15.5ms | Allocations: 4857)
Completed 500 Internal Server Error in 18ms (ActiveRecord: 0.3ms | Allocations: 5150)


  
ActionView::Template::Error (undefined local variable or method `f' for #<ActionView::Base:0x0000000000d1b0>):
    22: </table>
    23: </div>
    24: 
    25: <%= f.text_field :email, label_as_placeholder: true %>
    26: <%
    27: =begin%>
    28:  
  
app/views/articles/index.html.erb:25
Started GET "/" for ::1 at 2023-05-10 19:30:07 +0000
Processing by ArticlesController#index as HTML
  Rendering layout layouts/application.html.erb
  Rendering articles/index.html.erb within layouts/application
  [1m[36mArticle Load (0.7ms)[0m  [1m[34mSELECT "articles".* FROM "articles"[0m
  ↳ app/views/articles/index.html.erb:15
  Rendered articles/index.html.erb within layouts/application (Duration: 22.5ms | Allocations: 4786)
  Rendered layout layouts/application.html.erb (Duration: 24.3ms | Allocations: 4857)
Completed 500 Internal Server Error in 30ms (ActiveRecord: 0.7ms | Allocations: 5150)


  
ActionView::Template::Error (undefined local variable or method `f' for #<ActionView::Base:0x0000000000d4a8>):
    22: </table>
    23: </div>
    24: 
    25: <%= f.text_field :email, label_as_placeholder: true %>
    26: <%
    27: =begin%>
    28:  
  
app/views/articles/index.html.erb:25
Started GET "/" for ::1 at 2023-05-10 19:30:11 +0000
Processing by ArticlesController#index as HTML
  Rendering layout layouts/application.html.erb
  Rendering articles/index.html.erb within layouts/application
  [1m[36mArticle Load (0.2ms)[0m  [1m[34mSELECT "articles".* FROM "articles"[0m
  ↳ app/views/articles/index.html.erb:15
  Rendered articles/index.html.erb within layouts/application (Duration: 8.9ms | Allocations: 4785)
  Rendered layout layouts/application.html.erb (Duration: 9.3ms | Allocations: 4856)
Completed 500 Internal Server Error in 11ms (ActiveRecord: 0.2ms | Allocations: 5149)


  
ActionView::Template::Error (undefined local variable or method `f' for #<ActionView::Base:0x0000000000d778>):
    22: </table>
    23: </div>
    24: 
    25: <%= f.text_field :email, label_as_placeholder: true %>
    26: <%
    27: =begin%>
    28:  
  
app/views/articles/index.html.erb:25
Started GET "/" for ::1 at 2023-05-10 19:30:36 +0000
Processing by ArticlesController#index as HTML
  Rendering layout layouts/application.html.erb
  Rendering articles/index.html.erb within layouts/application
  [1m[36mArticle Load (0.2ms)[0m  [1m[34mSELECT "articles".* FROM "articles"[0m
  ↳ app/views/articles/index.html.erb:15
  Rendered articles/index.html.erb within layouts/application (Duration: 5.6ms | Allocations: 1073)
  Rendered layout layouts/application.html.erb (Duration: 24.9ms | Allocations: 7257)
Completed 200 OK in 31ms (Views: 28.2ms | ActiveRecord: 0.2ms | Allocations: 8374)


Started GET "/" for ::1 at 2023-05-10 19:33:27 +0000
Processing by ArticlesController#index as HTML
  Rendering layout layouts/application.html.erb
  Rendering articles/index.html.erb within layouts/application
  [1m[36mArticle Load (0.3ms)[0m  [1m[34mSELECT "articles".* FROM "articles"[0m
  ↳ app/views/articles/index.html.erb:15
  Rendered articles/index.html.erb within layouts/application (Duration: 6.2ms | Allocations: 1073)
  Rendered layout layouts/application.html.erb (Duration: 24.7ms | Allocations: 7213)
Completed 200 OK in 38ms (Views: 33.9ms | ActiveRecord: 0.3ms | Allocations: 8357)


Started GET "/" for ::1 at 2023-05-10 19:38:31 +0000
Processing by ArticlesController#index as HTML
  Rendering layout layouts/application.html.erb
  Rendering articles/index.html.erb within layouts/application
  [1m[36mArticle Load (0.7ms)[0m  [1m[34mSELECT "articles".* FROM "articles"[0m
  ↳ app/views/articles/index.html.erb:15
  Rendered articles/index.html.erb within layouts/application (Duration: 23.8ms | Allocations: 574)
  Rendered layout layouts/application.html.erb (Duration: 46.4ms | Allocations: 6213)
Completed 200 OK in 54ms (Views: 49.0ms | ActiveRecord: 0.7ms | Allocations: 6561)


Started GET "/" for ::1 at 2023-05-10 22:18:53 +0000
Processing by ArticlesController#index as HTML
  Rendering layout layouts/application.html.erb
  Rendering articles/index.html.erb within layouts/application
  [1m[36mArticle Load (1.6ms)[0m  [1m[34mSELECT "articles".* FROM "articles"[0m
  ↳ app/views/articles/index.html.erb:15
  Rendered articles/index.html.erb within layouts/application (Duration: 13.6ms | Allocations: 575)
  Rendered layout layouts/application.html.erb (Duration: 99.9ms | Allocations: 6205)
Completed 200 OK in 110ms (Views: 103.3ms | ActiveRecord: 1.6ms | Allocations: 6531)


  [1m[36mActiveRecord::SchemaMigration Pluck (0.5ms)[0m  [1m[34mSELECT "schema_migrations"."version" FROM "schema_migrations" ORDER BY "schema_migrations"."version" ASC[0m
  [1m[36mActiveRecord::InternalMetadata Load (0.8ms)[0m  [1m[34mSELECT "ar_internal_metadata".* FROM "ar_internal_metadata" WHERE "ar_internal_metadata"."key" = ? LIMIT ?[0m  [["key", "environment"], ["LIMIT", 1]]
  [1m[36mActiveRecord::SchemaMigration Pluck (0.3ms)[0m  [1m[34mSELECT "schema_migrations"."version" FROM "schema_migrations" ORDER BY "schema_migrations"."version" ASC[0m
Started GET "/" for ::1 at 2023-05-10 22:36:35 +0000
  [1m[36mActiveRecord::SchemaMigration Pluck (0.5ms)[0m  [1m[34mSELECT "schema_migrations"."version" FROM "schema_migrations" ORDER BY "schema_migrations"."version" ASC[0m
Processing by ArticlesController#index as HTML
Completed 500 Internal Server Error in 27ms (ActiveRecord: 0.0ms | Allocations: 4158)


  
ArgumentError (You need to supply at least one validation):
  
app/models/article.rb:7:in `<class:Article>'
app/models/article.rb:1:in `<main>'
app/controllers/articles_controller.rb:3:in `index'
Started GET "/" for ::1 at 2023-05-10 22:37:17 +0000
Processing by ArticlesController#index as HTML
  Rendering layout layouts/application.html.erb
  Rendering articles/index.html.erb within layouts/application
  [1m[36mArticle Load (0.9ms)[0m  [1m[34mSELECT "articles".* FROM "articles"[0m
  ↳ app/views/articles/index.html.erb:15
  Rendered articles/index.html.erb within layouts/application (Duration: 211.0ms | Allocations: 20497)
  Rendered layout layouts/application.html.erb (Duration: 215.1ms | Allocations: 20584)
Completed 500 Internal Server Error in 251ms (ActiveRecord: 9.1ms | Allocations: 22907)


  
ActionView::Template::Error (undefined method `author' for #<Article id: 1, title: "Hello Rails", body: "I am on Rails!", created_at: "2023-05-06 18:30:46.364122000 +0000", updated_at: "2023-05-06 18:30:46.364122000 +0000">):
    16:   <tr>
    17:     <td> <%= article.title %> </td>
    18:     <td> <%= article.body %></td>
    19:     <td> <%= article.author %></td>
    20:     <td> <%= article.date_publication %></td>
    21:     <td> <%= article.body %></td>
    22:   </tr>
  
app/views/articles/index.html.erb:19
app/views/articles/index.html.erb:15
Started GET "/" for ::1 at 2023-05-10 22:38:37 +0000
Processing by ArticlesController#index as HTML
  Rendering layout layouts/application.html.erb
  Rendering articles/index.html.erb within layouts/application
  [1m[36mArticle Load (0.7ms)[0m  [1m[34mSELECT "articles".* FROM "articles"[0m
  ↳ app/views/articles/index.html.erb:18
  Rendered articles/index.html.erb within layouts/application (Duration: 61.6ms | Allocations: 4106)
  Rendered layout layouts/application.html.erb (Duration: 65.7ms | Allocations: 4184)
Completed 500 Internal Server Error in 91ms (ActiveRecord: 0.7ms | Allocations: 5301)


  
ActionView::Template::Error (undefined method `author' for #<Article id: 1, title: "Hello Rails", body: "I am on Rails!", created_at: "2023-05-06 18:30:46.364122000 +0000", updated_at: "2023-05-06 18:30:46.364122000 +0000">):
    19:   <tr>
    20:     <td> <%= article.title %> </td>
    21:     <td> <%= article.body %></td>
    22:     <td> <%= article.author %></td>
    23:     <td> <%= article.date_publication %></td>
    24:     <td> <%= article.body %></td>
    25:   </tr>
  
app/views/articles/index.html.erb:22
app/views/articles/index.html.erb:18
Started GET "/" for ::1 at 2023-05-10 22:38:50 +0000
Processing by ArticlesController#index as HTML
  Rendering layout layouts/application.html.erb
  Rendering articles/index.html.erb within layouts/application
  [1m[36mArticle Load (0.9ms)[0m  [1m[34mSELECT "articles".* FROM "articles"[0m
  ↳ app/views/articles/index.html.erb:18
  Rendered articles/index.html.erb within layouts/application (Duration: 62.8ms | Allocations: 3506)
  Rendered layout layouts/application.html.erb (Duration: 66.4ms | Allocations: 3578)
Completed 500 Internal Server Error in 80ms (ActiveRecord: 0.9ms | Allocations: 3902)


  
ActionView::Template::Error (undefined method `author' for #<Article id: 1, title: "Hello Rails", body: "I am on Rails!", created_at: "2023-05-06 18:30:46.364122000 +0000", updated_at: "2023-05-06 18:30:46.364122000 +0000">):
    19:   <tr>
    20:     <td> <%= article.title %> </td>
    21:     <td> <%= article.body %></td>
    22:     <td> <%= article.author %></td>
    23:     <td> <%= article.date_publication %></td>
    24:     <td> <%= article.body %></td>
    25:   </tr>
  
app/views/articles/index.html.erb:22
app/views/articles/index.html.erb:18
  [1m[36mActiveRecord::SchemaMigration Pluck (0.4ms)[0m  [1m[34mSELECT "schema_migrations"."version" FROM "schema_migrations" ORDER BY "schema_migrations"."version" ASC[0m
  [1m[36mActiveRecord::InternalMetadata Load (0.4ms)[0m  [1m[34mSELECT "ar_internal_metadata".* FROM "ar_internal_metadata" WHERE "ar_internal_metadata"."key" = ? LIMIT ?[0m  [["key", "environment"], ["LIMIT", 1]]
  [1m[36mActiveRecord::SchemaMigration Pluck (0.3ms)[0m  [1m[34mSELECT "schema_migrations"."version" FROM "schema_migrations" ORDER BY "schema_migrations"."version" ASC[0m
  [1m[36mActiveRecord::InternalMetadata Load (0.5ms)[0m  [1m[34mSELECT "ar_internal_metadata".* FROM "ar_internal_metadata" WHERE "ar_internal_metadata"."key" = ? LIMIT ?[0m  [["key", "environment"], ["LIMIT", 1]]
  [1m[36mActiveRecord::SchemaMigration Pluck (0.3ms)[0m  [1m[34mSELECT "schema_migrations"."version" FROM "schema_migrations" ORDER BY "schema_migrations"."version" ASC[0m
  [1m[35m (19.5ms)[0m  [1m[35mCREATE TABLE "schema_migrations" ("version" varchar NOT NULL PRIMARY KEY)[0m
  [1m[35m (8.5ms)[0m  [1m[35mCREATE TABLE "ar_internal_metadata" ("key" varchar NOT NULL PRIMARY KEY, "value" varchar, "created_at" datetime(6) NOT NULL, "updated_at" datetime(6) NOT NULL)[0m
  [1m[36mActiveRecord::SchemaMigration Pluck (0.4ms)[0m  [1m[34mSELECT "schema_migrations"."version" FROM "schema_migrations" ORDER BY "schema_migrations"."version" ASC[0m
Migrating to CreateStudents (20230510225856)
  [1m[36mTRANSACTION (0.2ms)[0m  [1m[36mbegin transaction[0m
  [1m[35m (1.0ms)[0m  [1m[35mCREATE TABLE "students" ("id" integer PRIMARY KEY AUTOINCREMENT NOT NULL, "name" varchar, "genre" varchar, "date_birth" date, "weight" integer, "email" varchar, "color" varchar, "school" varchar, "created_at" datetime(6) NOT NULL, "updated_at" datetime(6) NOT NULL)[0m
  [1m[36mActiveRecord::SchemaMigration Create (0.9ms)[0m  [1m[32mINSERT INTO "schema_migrations" ("version") VALUES (?)[0m  [["version", "20230510225856"]]
  [1m[36mTRANSACTION (17.0ms)[0m  [1m[36mcommit transaction[0m
  [1m[36mActiveRecord::InternalMetadata Load (0.6ms)[0m  [1m[34mSELECT "ar_internal_metadata".* FROM "ar_internal_metadata" WHERE "ar_internal_metadata"."key" = ? LIMIT ?[0m  [["key", "environment"], ["LIMIT", 1]]
  [1m[36mTRANSACTION (0.2ms)[0m  [1m[36mbegin transaction[0m
  [1m[36mActiveRecord::InternalMetadata Create (0.8ms)[0m  [1m[32mINSERT INTO "ar_internal_metadata" ("key", "value", "created_at", "updated_at") VALUES (?, ?, ?, ?)[0m  [["key", "environment"], ["value", "development"], ["created_at", "2023-05-10 23:04:18.607122"], ["updated_at", "2023-05-10 23:04:18.607122"]]
  [1m[36mTRANSACTION (13.2ms)[0m  [1m[36mcommit transaction[0m
  [1m[36mActiveRecord::SchemaMigration Pluck (0.3ms)[0m  [1m[34mSELECT "schema_migrations"."version" FROM "schema_migrations" ORDER BY "schema_migrations"."version" ASC[0m
  [1m[36mTRANSACTION (0.4ms)[0m  [1m[36mbegin transaction[0m
  [1m[36mStudent Create (1.8ms)[0m  [1m[32mINSERT INTO "students" ("name", "genre", "date_birth", "weight", "email", "color", "school", "created_at", "updated_at") VALUES (?, ?, ?, ?, ?, ?, ?, ?, ?)[0m  [["name", "junior"], ["genre", "male"], ["date_birth", "1998-05-02"], ["weight", 56], ["email", "junior@gmail.com"], ["color", nil], ["school", "thies"], ["created_at", "2023-05-10 23:11:58.841261"], ["updated_at", "2023-05-10 23:11:58.841261"]]
  [1m[36mTRANSACTION (24.4ms)[0m  [1m[36mcommit transaction[0m
  [1m[36mTRANSACTION (0.4ms)[0m  [1m[36mbegin transaction[0m
  [1m[36mStudent Create (1.5ms)[0m  [1m[32mINSERT INTO "students" ("name", "genre", "date_birth", "weight", "email", "color", "school", "created_at", "updated_at") VALUES (?, ?, ?, ?, ?, ?, ?, ?, ?)[0m  [["name", "malick"], ["genre", "male"], ["date_birth", "1999-08-12"], ["weight", 59], ["email", "malick@gmail.com"], ["color", nil], ["school", "bambey"], ["created_at", "2023-05-10 23:13:20.020855"], ["updated_at", "2023-05-10 23:13:20.020855"]]
  [1m[36mTRANSACTION (24.6ms)[0m  [1m[36mcommit transaction[0m
  [1m[36mTRANSACTION (0.5ms)[0m  [1m[36mbegin transaction[0m
  [1m[36mStudent Create (1.2ms)[0m  [1m[32mINSERT INTO "students" ("name", "genre", "date_birth", "weight", "email", "color", "school", "created_at", "updated_at") VALUES (?, ?, ?, ?, ?, ?, ?, ?, ?)[0m  [["name", "soda"], ["genre", "female"], ["date_birth", "1995-08-12"], ["weight", 49], ["email", "soda@gmail.com"], ["color", nil], ["school", "bambey"], ["created_at", "2023-05-10 23:14:08.817106"], ["updated_at", "2023-05-10 23:14:08.817106"]]
  [1m[36mTRANSACTION (27.9ms)[0m  [1m[36mcommit transaction[0m
  [1m[36mStudent Load (1.1ms)[0m  [1m[34mSELECT "students".* FROM "students"[0m
Started GET "/" for ::1 at 2023-05-10 23:28:30 +0000
  [1m[36mActiveRecord::SchemaMigration Pluck (1.3ms)[0m  [1m[34mSELECT "schema_migrations"."version" FROM "schema_migrations" ORDER BY "schema_migrations"."version" ASC[0m
Processing by ArticlesController#index as HTML
Completed 500 Internal Server Error in 21ms (ActiveRecord: 0.0ms | Allocations: 1557)


  
Zeitwerk::NameError (expected file /home/junior/blog/app/models/article.rb to define constant Article, but didn't):
  
app/controllers/articles_controller.rb:3:in `index'
Started GET "/student" for ::1 at 2023-05-10 23:28:46 +0000
  
ActionController::RoutingError (No route matches [GET] "/student"):
  
Started GET "/student/index" for ::1 at 2023-05-10 23:28:56 +0000
  
ActionController::RoutingError (No route matches [GET] "/student/index"):
  
Started GET "/student/index" for ::1 at 2023-05-10 23:29:32 +0000
  
ArgumentError (Missing :controller key on routes definition, please check your routes.):
  
config/routes.rb:2:in `block in <main>'
config/routes.rb:1:in `<main>'
Started GET "/student/index" for ::1 at 2023-05-10 23:30:27 +0000
  
ArgumentError (Missing :controller key on routes definition, please check your routes.):
  
config/routes.rb:2:in `block in <main>'
config/routes.rb:1:in `<main>'
Started GET "/students" for ::1 at 2023-05-10 23:30:39 +0000
  
ActionController::RoutingError (No route matches [GET] "/students"):
  
Started GET "/students" for ::1 at 2023-05-10 23:32:38 +0000
  [1m[36mActiveRecord::SchemaMigration Pluck (0.5ms)[0m  [1m[34mSELECT "schema_migrations"."version" FROM "schema_migrations" ORDER BY "schema_migrations"."version" ASC[0m
Processing by StudentsController#index as HTML
Completed 500 Internal Server Error in 25ms (ActiveRecord: 0.0ms | Allocations: 4336)


  
Zeitwerk::NameError (expected file /home/junior/blog/app/models/article.rb to define constant Article, but didn't):
  
app/controllers/students_controller.rb:3:in `index'
Started GET "/students" for ::1 at 2023-05-10 23:34:21 +0000
  [1m[36mActiveRecord::SchemaMigration Pluck (0.5ms)[0m  [1m[34mSELECT "schema_migrations"."version" FROM "schema_migrations" ORDER BY "schema_migrations"."version" ASC[0m
Processing by StudentsController#index as HTML
  Rendering layout layouts/application.html.erb
  Rendering students/index.html.erb within layouts/application
  Rendered students/index.html.erb within layouts/application (Duration: 5.3ms | Allocations: 456)
  Rendered layout layouts/application.html.erb (Duration: 28283.0ms | Allocations: 162968)
Completed 200 OK in 28335ms (Views: 28293.3ms | ActiveRecord: 0.0ms | Allocations: 169824)


Started GET "/students" for ::1 at 2023-05-10 23:39:40 +0000
Processing by StudentsController#index as HTML
  Rendering layout layouts/application.html.erb
  Rendering students/index.html.erb within layouts/application
  [1m[36mStudent Load (1.3ms)[0m  [1m[34mSELECT "students".* FROM "students"[0m
  ↳ app/views/students/index.html.erb:18
  Rendered students/index.html.erb within layouts/application (Duration: 630.0ms | Allocations: 26472)
  Rendered layout layouts/application.html.erb (Duration: 632.4ms | Allocations: 26561)
Completed 500 Internal Server Error in 656ms (ActiveRecord: 11.0ms | Allocations: 27722)


  
ActionView::Template::Error (undefined method `weignt' for #<Student id: 1, name: "junior", genre: "male", date_birth: "1998-05-02", weight: 56, email: "junior@gmail.com", color: nil, school: "thies", created_at: "2023-05-10 23:11:58.841261000 +0000", updated_at: "2023-05-10 23:11:58.841261000 +0000">
Did you mean?  weight
               weight?
               weight=):
    20:     <td> <%= student.name %> </td>
    21:     <td> <%= student.genre %></td>
    22:     <td> <%= student.date_birth %></td>
    23:     <td> <%= student.weignt %></td>
    24:     <td> <%= student.email %></td>
    25:   </tr>
    26:   <% end %>
  
app/views/students/index.html.erb:23
app/views/students/index.html.erb:18
Started GET "/students" for ::1 at 2023-05-10 23:39:56 +0000
Processing by StudentsController#index as HTML
  Rendering layout layouts/application.html.erb
  Rendering students/index.html.erb within layouts/application
  [1m[36mStudent Load (0.8ms)[0m  [1m[34mSELECT "students".* FROM "students"[0m
  ↳ app/views/students/index.html.erb:18
  Rendered students/index.html.erb within layouts/application (Duration: 19.2ms | Allocations: 1206)
  Rendered layout layouts/application.html.erb (Duration: 88.7ms | Allocations: 7438)
Completed 200 OK in 111ms (Views: 103.7ms | ActiveRecord: 0.8ms | Allocations: 8597)


Started GET "/students" for ::1 at 2023-05-10 23:41:04 +0000
Processing by StudentsController#index as HTML
  Rendering layout layouts/application.html.erb
  Rendering students/index.html.erb within layouts/application
  [1m[36mStudent Load (1.1ms)[0m  [1m[34mSELECT "students".* FROM "students"[0m
  ↳ app/views/students/index.html.erb:18
  Rendered students/index.html.erb within layouts/application (Duration: 24.1ms | Allocations: 1194)
  Rendered layout layouts/application.html.erb (Duration: 109.4ms | Allocations: 7410)
Completed 200 OK in 129ms (Views: 120.4ms | ActiveRecord: 1.1ms | Allocations: 8555)


Started GET "/students" for ::1 at 2023-05-10 23:41:33 +0000
Processing by StudentsController#index as HTML
  Rendering layout layouts/application.html.erb
  Rendering students/index.html.erb within layouts/application
  [1m[36mStudent Load (1.2ms)[0m  [1m[34mSELECT "students".* FROM "students"[0m
  ↳ app/views/students/index.html.erb:19
  Rendered students/index.html.erb within layouts/application (Duration: 17.9ms | Allocations: 1197)
  Rendered layout layouts/application.html.erb (Duration: 97.0ms | Allocations: 7419)
Completed 200 OK in 116ms (Views: 107.3ms | ActiveRecord: 1.2ms | Allocations: 8564)


Started GET "/students" for ::1 at 2023-05-10 23:43:01 +0000
Processing by StudentsController#index as HTML
  Rendering layout layouts/application.html.erb
  Rendering students/index.html.erb within layouts/application
  [1m[36mStudent Load (1.0ms)[0m  [1m[34mSELECT "students".* FROM "students"[0m
  ↳ app/views/students/index.html.erb:19
  Rendered students/index.html.erb within layouts/application (Duration: 20.0ms | Allocations: 1196)
  Rendered layout layouts/application.html.erb (Duration: 105.1ms | Allocations: 7417)
Completed 200 OK in 128ms (Views: 116.8ms | ActiveRecord: 1.0ms | Allocations: 8562)


Started GET "/students" for ::1 at 2023-05-10 23:43:27 +0000
Processing by StudentsController#index as HTML
  Rendering layout layouts/application.html.erb
  Rendering students/index.html.erb within layouts/application
  [1m[36mStudent Load (0.7ms)[0m  [1m[34mSELECT "students".* FROM "students"[0m
  ↳ app/views/students/index.html.erb:19
  Rendered students/index.html.erb within layouts/application (Duration: 18.1ms | Allocations: 1197)
  Rendered layout layouts/application.html.erb (Duration: 95.4ms | Allocations: 7401)
Completed 200 OK in 115ms (Views: 105.7ms | ActiveRecord: 0.7ms | Allocations: 8546)


Started GET "/students/new" for ::1 at 2023-05-10 23:43:29 +0000
Processing by StudentsController#new as HTML
  Rendering layout layouts/application.html.erb
  Rendering students/new.html.erb within layouts/application
  Rendered students/_form.html.erb (Duration: 50.2ms | Allocations: 4668)
  Rendered students/new.html.erb within layouts/application (Duration: 54.1ms | Allocations: 4921)
  Rendered layout layouts/application.html.erb (Duration: 55.3ms | Allocations: 4993)
Completed 500 Internal Server Error in 62ms (ActiveRecord: 0.0ms | Allocations: 5422)


  
ActionView::Template::Error (undefined local variable or method `article' for #<ActionView::Base:0x0000000000ce90>):
    1: <%= form_with model: article do |form| %>
    2:   <div>
    3:     <%= form.label :title %><br>
    4:     <%= form.text_field :title %>
  
app/views/students/_form.html.erb:1
app/views/students/new.html.erb:3
Started GET "/students/new" for ::1 at 2023-05-10 23:45:54 +0000
Processing by StudentsController#new as HTML
  Rendering layout layouts/application.html.erb
  Rendering students/new.html.erb within layouts/application
  Rendered students/_form.html.erb (Duration: 75.7ms | Allocations: 4733)
  Rendered students/new.html.erb within layouts/application (Duration: 83.0ms | Allocations: 5012)
  Rendered layout layouts/application.html.erb (Duration: 88.1ms | Allocations: 5089)
Completed 500 Internal Server Error in 115ms (ActiveRecord: 0.0ms | Allocations: 6185)


  
ActionView::Template::Error (undefined local variable or method `student' for #<ActionView::Base:0x0000000000d200>
Did you mean?  students
               @students):
    1: <%= form_with model: student do |form| %>
    2:   <div>
    3:     <%= form.label :name %><br>
    4:     <%= form.text_field :name %>
  
app/views/students/_form.html.erb:1
app/views/students/new.html.erb:3
Started GET "/students/new" for ::1 at 2023-05-10 23:48:40 +0000
Processing by StudentsController#new as HTML
  Rendering layout layouts/application.html.erb
  Rendering students/new.html.erb within layouts/application
  Rendered students/_form.html.erb (Duration: 68.4ms | Allocations: 4680)
  Rendered students/new.html.erb within layouts/application (Duration: 73.2ms | Allocations: 4960)
  Rendered layout layouts/application.html.erb (Duration: 74.6ms | Allocations: 5037)
Completed 500 Internal Server Error in 143ms (ActiveRecord: 5.5ms | Allocations: 9971)


  
ActionView::Template::Error (undefined local variable or method `student' for #<ActionView::Base:0x00000000011760>
Did you mean?  students
               @student):
    1: <%= form_with model: student do |form| %>
    2:   <div>
    3:     <%= form.label :name %><br>
    4:     <%= form.text_field :name %>
  
app/views/students/_form.html.erb:1
app/views/students/new.html.erb:3
Started GET "/students/new" for ::1 at 2023-05-10 23:49:45 +0000
Processing by StudentsController#new as HTML
  Rendering layout layouts/application.html.erb
  Rendering students/new.html.erb within layouts/application
  Rendered students/_form.html.erb (Duration: 109.5ms | Allocations: 6213)
  Rendered students/new.html.erb within layouts/application (Duration: 123.9ms | Allocations: 6500)
  Rendered layout layouts/application.html.erb (Duration: 304.3ms | Allocations: 24535)
Completed 200 OK in 326ms (Views: 318.3ms | ActiveRecord: 0.0ms | Allocations: 25693)


Started POST "/students" for ::1 at 2023-05-10 23:50:16 +0000
Processing by StudentsController#create as TURBO_STREAM
  Parameters: {"authenticity_token"=>"[FILTERED]", "student"=>{"name"=>"bamba", "genre"=>"male"}, "commit"=>"Create Student"}
  [1m[36mTRANSACTION (0.3ms)[0m  [1m[36mbegin transaction[0m
  ↳ app/controllers/students_controller.rb:17:in `create'
  [1m[36mStudent Create (1.6ms)[0m  [1m[32mINSERT INTO "students" ("name", "genre", "date_birth", "weight", "email", "color", "school", "created_at", "updated_at") VALUES (?, ?, ?, ?, ?, ?, ?, ?, ?)[0m  [["name", "bamba"], ["genre", "male"], ["date_birth", nil], ["weight", nil], ["email", nil], ["color", nil], ["school", nil], ["created_at", "2023-05-10 23:50:16.556445"], ["updated_at", "2023-05-10 23:50:16.556445"]]
  ↳ app/controllers/students_controller.rb:17:in `create'
  [1m[36mTRANSACTION (7.9ms)[0m  [1m[36mcommit transaction[0m
  ↳ app/controllers/students_controller.rb:17:in `create'
Redirected to http://localhost:3000/students/4
Completed 302 Found in 40ms (ActiveRecord: 9.8ms | Allocations: 3981)


Started GET "/students/4" for ::1 at 2023-05-10 23:50:16 +0000
Processing by StudentsController#show as TURBO_STREAM
  Parameters: {"id"=>"4"}
  [1m[36mStudent Load (0.9ms)[0m  [1m[34mSELECT "students".* FROM "students" WHERE "students"."id" = ? LIMIT ?[0m  [["id", 4], ["LIMIT", 1]]
  ↳ app/controllers/students_controller.rb:7:in `show'
  Rendering layout layouts/application.html.erb
  Rendering students/show.html.erb within layouts/application
  Rendered students/show.html.erb within layouts/application (Duration: 15.2ms | Allocations: 1557)
  Rendered layout layouts/application.html.erb (Duration: 17.2ms | Allocations: 1631)
Completed 500 Internal Server Error in 46ms (ActiveRecord: 0.9ms | Allocations: 4710)


  
ActionView::Template::Error (undefined method `title' for nil:NilClass):
    1: <h1><%= @article.title %></h1>
    2: 
    3: <p><%= @article.body %></p>
    4: 
  
app/views/students/show.html.erb:1
Started GET "/students/new" for ::1 at 2023-05-10 23:51:56 +0000
Processing by StudentsController#new as HTML
  Rendering layout layouts/application.html.erb
  Rendering students/new.html.erb within layouts/application
  Rendered students/_form.html.erb (Duration: 26.4ms | Allocations: 1493)
  Rendered students/new.html.erb within layouts/application (Duration: 33.7ms | Allocations: 1770)
  Rendered layout layouts/application.html.erb (Duration: 124.1ms | Allocations: 7767)
Completed 200 OK in 144ms (Views: 135.7ms | ActiveRecord: 0.0ms | Allocations: 8908)


Started GET "/students" for ::1 at 2023-05-10 23:52:00 +0000
Processing by StudentsController#index as HTML
  Rendering layout layouts/application.html.erb
  Rendering students/index.html.erb within layouts/application
  [1m[36mStudent Load (2.4ms)[0m  [1m[34mSELECT "students".* FROM "students"[0m
  ↳ app/views/students/index.html.erb:19
  Rendered students/index.html.erb within layouts/application (Duration: 20.7ms | Allocations: 1200)
  Rendered layout layouts/application.html.erb (Duration: 96.8ms | Allocations: 6906)
Completed 200 OK in 109ms (Views: 100.0ms | ActiveRecord: 2.4ms | Allocations: 7311)


Started GET "/students" for ::1 at 2023-05-10 23:55:22 +0000
Processing by StudentsController#index as HTML
  Rendering layout layouts/application.html.erb
  Rendering students/index.html.erb within layouts/application
  [1m[36mStudent Load (1.1ms)[0m  [1m[34mSELECT "students".* FROM "students"[0m
  ↳ app/views/students/index.html.erb:19
  Rendered students/index.html.erb within layouts/application (Duration: 51.6ms | Allocations: 1221)
  Rendered layout layouts/application.html.erb (Duration: 166.8ms | Allocations: 7445)
Completed 200 OK in 200ms (Views: 192.6ms | ActiveRecord: 1.1ms | Allocations: 8583)


Started GET "/students/new" for ::1 at 2023-05-10 23:55:26 +0000
Processing by StudentsController#new as HTML
  Rendering layout layouts/application.html.erb
  Rendering students/new.html.erb within layouts/application
  Rendered students/_form.html.erb (Duration: 12.9ms | Allocations: 1377)
  Rendered students/new.html.erb within layouts/application (Duration: 17.2ms | Allocations: 1622)
  Rendered layout layouts/application.html.erb (Duration: 67.0ms | Allocations: 7175)
Completed 200 OK in 73ms (Views: 69.7ms | ActiveRecord: 0.0ms | Allocations: 7588)


Started POST "/students" for ::1 at 2023-05-10 23:55:35 +0000
Processing by StudentsController#create as TURBO_STREAM
  Parameters: {"authenticity_token"=>"[FILTERED]", "student"=>{"name"=>"baba", "genre"=>"call"}, "commit"=>"Create Student"}
  [1m[36mTRANSACTION (0.4ms)[0m  [1m[36mbegin transaction[0m
  ↳ app/controllers/students_controller.rb:17:in `create'
  [1m[36mStudent Create (1.7ms)[0m  [1m[32mINSERT INTO "students" ("name", "genre", "date_birth", "weight", "email", "color", "school", "created_at", "updated_at") VALUES (?, ?, ?, ?, ?, ?, ?, ?, ?)[0m  [["name", "baba"], ["genre", "call"], ["date_birth", nil], ["weight", nil], ["email", nil], ["color", nil], ["school", nil], ["created_at", "2023-05-10 23:55:35.684087"], ["updated_at", "2023-05-10 23:55:35.684087"]]
  ↳ app/controllers/students_controller.rb:17:in `create'
  [1m[36mTRANSACTION (13.4ms)[0m  [1m[36mcommit transaction[0m
  ↳ app/controllers/students_controller.rb:17:in `create'
Redirected to http://localhost:3000/students/5
Completed 302 Found in 50ms (ActiveRecord: 15.5ms | Allocations: 2300)


Started GET "/students/5" for ::1 at 2023-05-10 23:55:35 +0000
Processing by StudentsController#show as TURBO_STREAM
  Parameters: {"id"=>"5"}
  [1m[36mStudent Load (0.7ms)[0m  [1m[34mSELECT "students".* FROM "students" WHERE "students"."id" = ? LIMIT ?[0m  [["id", 5], ["LIMIT", 1]]
  ↳ app/controllers/students_controller.rb:7:in `show'
  Rendering layout layouts/application.html.erb
  Rendering students/show.html.erb within layouts/application
  Rendered students/show.html.erb within layouts/application (Duration: 5.8ms | Allocations: 311)
  Rendered layout layouts/application.html.erb (Duration: 54.3ms | Allocations: 6026)
Completed 200 OK in 66ms (Views: 56.7ms | ActiveRecord: 0.7ms | Allocations: 6896)


Started GET "/students/5/edit" for ::1 at 2023-05-10 23:55:40 +0000
Processing by StudentsController#edit as HTML
  Parameters: {"id"=>"5"}
  [1m[36mStudent Load (0.8ms)[0m  [1m[34mSELECT "students".* FROM "students" WHERE "students"."id" = ? LIMIT ?[0m  [["id", 5], ["LIMIT", 1]]
  ↳ app/controllers/students_controller.rb:25:in `edit'
  Rendering layout layouts/application.html.erb
  Rendering students/edit.html.erb within layouts/application
  Rendered students/_form.html.erb (Duration: 9.2ms | Allocations: 1012)
  Rendered students/edit.html.erb within layouts/application (Duration: 12.7ms | Allocations: 1197)
  Rendered layout layouts/application.html.erb (Duration: 57.1ms | Allocations: 6736)
Completed 200 OK in 71ms (Views: 60.1ms | ActiveRecord: 0.8ms | Allocations: 7546)


Started PATCH "/students/5" for ::1 at 2023-05-10 23:55:42 +0000
Processing by StudentsController#update as TURBO_STREAM
  Parameters: {"authenticity_token"=>"[FILTERED]", "student"=>{"name"=>"baba", "genre"=>"call"}, "commit"=>"Update Student", "id"=>"5"}
  [1m[36mStudent Load (0.7ms)[0m  [1m[34mSELECT "students".* FROM "students" WHERE "students"."id" = ? LIMIT ?[0m  [["id", 5], ["LIMIT", 1]]
  ↳ app/controllers/students_controller.rb:29:in `update'
Redirected to http://localhost:3000/students/5
Completed 302 Found in 19ms (ActiveRecord: 0.7ms | Allocations: 1148)


Started GET "/students/5" for ::1 at 2023-05-10 23:55:42 +0000
Processing by StudentsController#show as TURBO_STREAM
  Parameters: {"id"=>"5"}
  [1m[36mStudent Load (0.7ms)[0m  [1m[34mSELECT "students".* FROM "students" WHERE "students"."id" = ? LIMIT ?[0m  [["id", 5], ["LIMIT", 1]]
  ↳ app/controllers/students_controller.rb:7:in `show'
  Rendering layout layouts/application.html.erb
  Rendering students/show.html.erb within layouts/application
  Rendered students/show.html.erb within layouts/application (Duration: 1.9ms | Allocations: 113)
  Rendered layout layouts/application.html.erb (Duration: 44.1ms | Allocations: 5824)
Completed 200 OK in 56ms (Views: 47.3ms | ActiveRecord: 0.7ms | Allocations: 6583)


Started DELETE "/students/5" for ::1 at 2023-05-10 23:55:46 +0000
Processing by StudentsController#destroy as TURBO_STREAM
  Parameters: {"id"=>"5"}
  [1m[36mStudent Load (0.9ms)[0m  [1m[34mSELECT "students".* FROM "students" WHERE "students"."id" = ? LIMIT ?[0m  [["id", 5], ["LIMIT", 1]]
  ↳ app/controllers/students_controller.rb:39:in `destroy'
  [1m[36mTRANSACTION (0.7ms)[0m  [1m[36mbegin transaction[0m
  ↳ app/controllers/students_controller.rb:40:in `destroy'
  [1m[36mStudent Destroy (7.4ms)[0m  [1m[31mDELETE FROM "students" WHERE "students"."id" = ?[0m  [["id", 5]]
  ↳ app/controllers/students_controller.rb:40:in `destroy'
  [1m[36mTRANSACTION (19.5ms)[0m  [1m[36mcommit transaction[0m
  ↳ app/controllers/students_controller.rb:40:in `destroy'
Completed 500 Internal Server Error in 174ms (ActiveRecord: 28.5ms | Allocations: 5109)


  
NameError (undefined local variable or method `root_path' for #<StudentsController:0x000000000123e0>):
  
app/controllers/students_controller.rb:42:in `destroy'
Started GET "/students/5" for ::1 at 2023-05-10 23:57:48 +0000
Processing by StudentsController#show as HTML
  Parameters: {"id"=>"5"}
  [1m[36mStudent Load (0.8ms)[0m  [1m[34mSELECT "students".* FROM "students" WHERE "students"."id" = ? LIMIT ?[0m  [["id", 5], ["LIMIT", 1]]
  ↳ app/controllers/students_controller.rb:7:in `show'
Completed 404 Not Found in 50ms (ActiveRecord: 9.5ms | Allocations: 3141)


  
ActiveRecord::RecordNotFound (Couldn't find Student with 'id'=5):
  
app/controllers/students_controller.rb:7:in `show'
Started GET "/students/5" for ::1 at 2023-05-10 23:58:00 +0000
Processing by StudentsController#show as HTML
  Parameters: {"id"=>"5"}
  [1m[36mStudent Load (2.1ms)[0m  [1m[34mSELECT "students".* FROM "students" WHERE "students"."id" = ? LIMIT ?[0m  [["id", 5], ["LIMIT", 1]]
  ↳ app/controllers/students_controller.rb:7:in `show'
Completed 404 Not Found in 20ms (ActiveRecord: 2.1ms | Allocations: 894)


  
ActiveRecord::RecordNotFound (Couldn't find Student with 'id'=5):
  
app/controllers/students_controller.rb:7:in `show'
Started GET "/students/" for ::1 at 2023-05-10 23:58:09 +0000
Processing by StudentsController#index as HTML
  Rendering layout layouts/application.html.erb
  Rendering students/index.html.erb within layouts/application
  [1m[36mStudent Load (1.8ms)[0m  [1m[34mSELECT "students".* FROM "students"[0m
  ↳ app/views/students/index.html.erb:19
  Rendered students/index.html.erb within layouts/application (Duration: 60.6ms | Allocations: 3104)
  Rendered layout layouts/application.html.erb (Duration: 215.1ms | Allocations: 21099)
Completed 200 OK in 235ms (Views: 227.3ms | ActiveRecord: 1.8ms | Allocations: 21925)


